[0.548s] Invoking command in '/home/omoruyiatekha/autonomy_ws/src/build/locobot_move': CMAKE_PREFIX_PATH=${CMAKE_PREFIX_PATH}:/home/omoruyiatekha/interbotix_ws/install/interbotix_xs_modules:/home/omoruyiatekha/interbotix_ws/install/interbotix_perception_modules:/home/omoruyiatekha/interbotix_ws/install/interbotix_common_modules:/opt/ros/galactic /usr/bin/cmake /home/omoruyiatekha/autonomy_ws/src/locobot_move -DCMAKE_INSTALL_PREFIX=/home/omoruyiatekha/autonomy_ws/src/install/locobot_move
[0.781s] -- The C compiler identification is GNU 9.4.0
[0.943s] -- The CXX compiler identification is GNU 9.4.0
[0.959s] -- Check for working C compiler: /usr/bin/cc
[1.029s] -- Check for working C compiler: /usr/bin/cc -- works
[1.036s] -- Detecting C compiler ABI info
[1.097s] -- Detecting C compiler ABI info - done
[1.109s] -- Detecting C compile features
[1.111s] -- Detecting C compile features - done
[1.115s] -- Check for working CXX compiler: /usr/bin/c++
[1.191s] -- Check for working CXX compiler: /usr/bin/c++ -- works
[1.192s] -- Detecting CXX compiler ABI info
[1.266s] -- Detecting CXX compiler ABI info - done
[1.277s] -- Detecting CXX compile features
[1.277s] -- Detecting CXX compile features - done
[1.287s] -- Found ament_cmake: 1.1.6 (/opt/ros/galactic/share/ament_cmake/cmake)
[1.318s] -- Found PythonInterp: /usr/bin/python3 (found suitable version "3.8.10", minimum required is "3") 
[1.318s] -- Using PYTHON_EXECUTABLE: /usr/bin/python3
[1.444s] -- Found rclcpp: 9.2.2 (/opt/ros/galactic/share/rclcpp/cmake)
[1.532s] -- Using all available rosidl_typesupport_c: rosidl_typesupport_fastrtps_c;rosidl_typesupport_introspection_c
[1.548s] -- Found rosidl_adapter: 2.2.3 (/opt/ros/galactic/share/rosidl_adapter/cmake)
[1.670s] -- Found OpenSSL: /usr/lib/x86_64-linux-gnu/libcrypto.so (found version "1.1.1f")  
[1.698s] -- Found FastRTPS: /opt/ros/galactic/include  
[1.796s] -- Using all available rosidl_typesupport_cpp: rosidl_typesupport_fastrtps_cpp;rosidl_typesupport_introspection_cpp
[1.887s] -- Found rmw_implementation_cmake: 3.3.1 (/opt/ros/galactic/share/rmw_implementation_cmake/cmake)
[1.893s] -- Found rmw_fastrtps_cpp: 5.0.2 (/opt/ros/galactic/share/rmw_fastrtps_cpp/cmake)
[2.004s] -- Using RMW implementation 'rmw_fastrtps_cpp' as default
[2.006s] -- Looking for pthread.h
[2.102s] -- Looking for pthread.h - found
[2.102s] -- Performing Test CMAKE_HAVE_LIBC_PTHREAD
[2.176s] -- Performing Test CMAKE_HAVE_LIBC_PTHREAD - Failed
[2.176s] -- Looking for pthread_create in pthreads
[2.235s] -- Looking for pthread_create in pthreads - not found
[2.235s] -- Looking for pthread_create in pthread
[2.305s] -- Looking for pthread_create in pthread - found
[2.306s] -- Found Threads: TRUE  
[2.488s] -- Found ament_lint_auto: 0.10.7 (/opt/ros/galactic/share/ament_lint_auto/cmake)
[2.584s] -- Added test 'copyright' to check source files copyright and LICENSE
[2.587s] -- Added test 'flake8' to check Python code syntax and style conventions
[2.588s] -- Added test 'lint_cmake' to check CMake code style
[2.588s] -- Added test 'pep257' to check Python code against some of the style conventions in PEP 257
[2.590s] -- Added test 'xmllint' to check XML markup files
[2.595s] -- Configuring done
[2.596s] -- Generating done
[2.598s] -- Build files have been written to: /home/omoruyiatekha/autonomy_ws/src/build/locobot_move
[2.604s] Invoked command in '/home/omoruyiatekha/autonomy_ws/src/build/locobot_move' returned '0': CMAKE_PREFIX_PATH=${CMAKE_PREFIX_PATH}:/home/omoruyiatekha/interbotix_ws/install/interbotix_xs_modules:/home/omoruyiatekha/interbotix_ws/install/interbotix_perception_modules:/home/omoruyiatekha/interbotix_ws/install/interbotix_common_modules:/opt/ros/galactic /usr/bin/cmake /home/omoruyiatekha/autonomy_ws/src/locobot_move -DCMAKE_INSTALL_PREFIX=/home/omoruyiatekha/autonomy_ws/src/install/locobot_move
[2.608s] Invoking command in '/home/omoruyiatekha/autonomy_ws/src/build/locobot_move': CMAKE_PREFIX_PATH=${CMAKE_PREFIX_PATH}:/home/omoruyiatekha/interbotix_ws/install/interbotix_xs_modules:/home/omoruyiatekha/interbotix_ws/install/interbotix_perception_modules:/home/omoruyiatekha/interbotix_ws/install/interbotix_common_modules:/opt/ros/galactic /usr/bin/cmake --build /home/omoruyiatekha/autonomy_ws/src/build/locobot_move -- -j2 -l2
[2.657s] Invoked command in '/home/omoruyiatekha/autonomy_ws/src/build/locobot_move' returned '0': CMAKE_PREFIX_PATH=${CMAKE_PREFIX_PATH}:/home/omoruyiatekha/interbotix_ws/install/interbotix_xs_modules:/home/omoruyiatekha/interbotix_ws/install/interbotix_perception_modules:/home/omoruyiatekha/interbotix_ws/install/interbotix_common_modules:/opt/ros/galactic /usr/bin/cmake --build /home/omoruyiatekha/autonomy_ws/src/build/locobot_move -- -j2 -l2
