[2.489s] DEBUG:colcon:Command line arguments: ['/usr/bin/colcon', 'build']
[2.489s] DEBUG:colcon:Parsed command line arguments: Namespace(allow_overriding=[], ament_cmake_args=None, base_paths=['.'], build_base='build', catkin_cmake_args=None, catkin_skip_building_tests=False, cmake_args=None, cmake_clean_cache=False, cmake_clean_first=False, cmake_force_configure=False, cmake_target=None, cmake_target_skip_unavailable=False, continue_on_error=False, event_handlers=None, executor='parallel', ignore_user_meta=False, install_base='install', log_base=None, log_level=None, main=<bound method BuildVerb.main of <colcon_core.verb.build.BuildVerb object at 0x7fc62e100730>>, merge_install=False, metas=['./colcon.meta'], packages_above=None, packages_above_and_dependencies=None, packages_above_depth=None, packages_end=None, packages_ignore=None, packages_ignore_regex=None, packages_select=None, packages_select_build_failed=False, packages_select_by_dep=None, packages_select_regex=None, packages_select_test_failures=False, packages_skip=None, packages_skip_build_finished=False, packages_skip_by_dep=None, packages_skip_regex=None, packages_skip_test_passed=False, packages_skip_up_to=None, packages_start=None, packages_up_to=None, packages_up_to_regex=None, parallel_workers=2, paths=None, symlink_install=False, test_result_base=None, verb_extension=<colcon_core.verb.build.BuildVerb object at 0x7fc62e100730>, verb_name='build', verb_parser=<colcon_defaults.argument_parser.defaults.DefaultArgumentsDecorator object at 0x7fc62dc830a0>)
[2.592s] Level 1:colcon.colcon_core.package_discovery:discover_packages(colcon_meta) check parameters
[2.592s] Level 1:colcon.colcon_core.package_discovery:discover_packages(recursive) check parameters
[2.592s] Level 1:colcon.colcon_core.package_discovery:discover_packages(ignore) check parameters
[2.592s] Level 1:colcon.colcon_core.package_discovery:discover_packages(path) check parameters
[2.592s] Level 1:colcon.colcon_core.package_discovery:discover_packages(colcon_meta) discover
[2.592s] Level 1:colcon.colcon_core.package_discovery:discover_packages(recursive) discover
[2.592s] INFO:colcon.colcon_core.package_discovery:Crawling recursively for packages in '/home/omoruyiatekha/autonomy_ws/src'
[2.592s] Level 1:colcon.colcon_core.package_identification:_identify(.) by extensions ['ignore', 'ignore_ament_install']
[2.592s] Level 1:colcon.colcon_core.package_identification:_identify(.) by extension 'ignore'
[2.592s] Level 1:colcon.colcon_core.package_identification:_identify(.) by extension 'ignore_ament_install'
[2.592s] Level 1:colcon.colcon_core.package_identification:_identify(.) by extensions ['colcon_pkg']
[2.592s] Level 1:colcon.colcon_core.package_identification:_identify(.) by extension 'colcon_pkg'
[2.592s] Level 1:colcon.colcon_core.package_identification:_identify(.) by extensions ['colcon_meta']
[2.592s] Level 1:colcon.colcon_core.package_identification:_identify(.) by extension 'colcon_meta'
[2.592s] Level 1:colcon.colcon_core.package_identification:_identify(.) by extensions ['ros']
[2.592s] Level 1:colcon.colcon_core.package_identification:_identify(.) by extension 'ros'
[2.602s] Level 1:colcon.colcon_core.package_identification:_identify(.) by extensions ['cmake', 'python']
[2.602s] Level 1:colcon.colcon_core.package_identification:_identify(.) by extension 'cmake'
[2.602s] Level 1:colcon.colcon_core.package_identification:_identify(.) by extension 'python'
[2.602s] Level 1:colcon.colcon_core.package_identification:_identify(.) by extensions ['python_setup_py']
[2.602s] Level 1:colcon.colcon_core.package_identification:_identify(.) by extension 'python_setup_py'
[2.602s] Level 1:colcon.colcon_core.package_identification:_identify(build) by extensions ['ignore', 'ignore_ament_install']
[2.602s] Level 1:colcon.colcon_core.package_identification:_identify(build) by extension 'ignore'
[2.602s] Level 1:colcon.colcon_core.package_identification:_identify(build) ignored
[2.602s] Level 1:colcon.colcon_core.package_identification:_identify(install) by extensions ['ignore', 'ignore_ament_install']
[2.603s] Level 1:colcon.colcon_core.package_identification:_identify(install) by extension 'ignore'
[2.603s] Level 1:colcon.colcon_core.package_identification:_identify(install) ignored
[2.603s] Level 1:colcon.colcon_core.package_identification:_identify(locobot_move) by extensions ['ignore', 'ignore_ament_install']
[2.603s] Level 1:colcon.colcon_core.package_identification:_identify(locobot_move) by extension 'ignore'
[2.603s] Level 1:colcon.colcon_core.package_identification:_identify(locobot_move) by extension 'ignore_ament_install'
[2.603s] Level 1:colcon.colcon_core.package_identification:_identify(locobot_move) by extensions ['colcon_pkg']
[2.603s] Level 1:colcon.colcon_core.package_identification:_identify(locobot_move) by extension 'colcon_pkg'
[2.603s] Level 1:colcon.colcon_core.package_identification:_identify(locobot_move) by extensions ['colcon_meta']
[2.603s] Level 1:colcon.colcon_core.package_identification:_identify(locobot_move) by extension 'colcon_meta'
[2.603s] Level 1:colcon.colcon_core.package_identification:_identify(locobot_move) by extensions ['ros']
[2.603s] Level 1:colcon.colcon_core.package_identification:_identify(locobot_move) by extension 'ros'
[2.605s] DEBUG:colcon.colcon_core.package_identification:Package 'locobot_move' with type 'ros.ament_cmake' and name 'locobot_move'
[2.605s] Level 1:colcon.colcon_core.package_identification:_identify(log) by extensions ['ignore', 'ignore_ament_install']
[2.605s] Level 1:colcon.colcon_core.package_identification:_identify(log) by extension 'ignore'
[2.606s] Level 1:colcon.colcon_core.package_identification:_identify(log) ignored
[2.606s] Level 1:colcon.colcon_core.package_discovery:discover_packages(recursive) using defaults
[2.606s] Level 1:colcon.colcon_core.package_discovery:discover_packages(ignore) discover
[2.606s] Level 1:colcon.colcon_core.package_discovery:discover_packages(ignore) using defaults
[2.606s] Level 1:colcon.colcon_core.package_discovery:discover_packages(path) discover
[2.606s] Level 1:colcon.colcon_core.package_discovery:discover_packages(path) using defaults
[2.836s] Level 1:colcon.colcon_core.package_discovery:discover_packages(prefix_path) check parameters
[2.836s] Level 1:colcon.colcon_core.package_discovery:discover_packages(prefix_path) discover
[2.922s] DEBUG:colcon.colcon_installed_package_information.package_discovery:Found 1 installed packages in /home/omoruyiatekha/me326_ws/install
[2.968s] DEBUG:colcon.colcon_installed_package_information.package_discovery:Found 18 installed packages in /home/omoruyiatekha/interbotix_ws/install
[3.012s] DEBUG:colcon.colcon_installed_package_information.package_discovery:Found 335 installed packages in /opt/ros/galactic
[3.014s] Level 1:colcon.colcon_core.package_discovery:discover_packages(prefix_path) using defaults
[3.186s] Level 5:colcon.colcon_core.verb:set package 'locobot_move' build argument 'cmake_args' from command line to 'None'
[3.186s] Level 5:colcon.colcon_core.verb:set package 'locobot_move' build argument 'cmake_target' from command line to 'None'
[3.186s] Level 5:colcon.colcon_core.verb:set package 'locobot_move' build argument 'cmake_target_skip_unavailable' from command line to 'False'
[3.186s] Level 5:colcon.colcon_core.verb:set package 'locobot_move' build argument 'cmake_clean_cache' from command line to 'False'
[3.186s] Level 5:colcon.colcon_core.verb:set package 'locobot_move' build argument 'cmake_clean_first' from command line to 'False'
[3.186s] Level 5:colcon.colcon_core.verb:set package 'locobot_move' build argument 'cmake_force_configure' from command line to 'False'
[3.186s] Level 5:colcon.colcon_core.verb:set package 'locobot_move' build argument 'ament_cmake_args' from command line to 'None'
[3.186s] Level 5:colcon.colcon_core.verb:set package 'locobot_move' build argument 'catkin_cmake_args' from command line to 'None'
[3.186s] Level 5:colcon.colcon_core.verb:set package 'locobot_move' build argument 'catkin_skip_building_tests' from command line to 'False'
[3.187s] DEBUG:colcon.colcon_core.verb:Building package 'locobot_move' with the following arguments: {'ament_cmake_args': None, 'build_base': '/home/omoruyiatekha/autonomy_ws/src/build/locobot_move', 'catkin_cmake_args': None, 'catkin_skip_building_tests': False, 'cmake_args': None, 'cmake_clean_cache': False, 'cmake_clean_first': False, 'cmake_force_configure': False, 'cmake_target': None, 'cmake_target_skip_unavailable': False, 'install_base': '/home/omoruyiatekha/autonomy_ws/src/install/locobot_move', 'merge_install': False, 'path': '/home/omoruyiatekha/autonomy_ws/src/locobot_move', 'symlink_install': False, 'test_result_base': None}
[3.229s] INFO:colcon.colcon_core.executor:Executing jobs using 'parallel' executor
[3.274s] DEBUG:colcon.colcon_parallel_executor.executor.parallel:run_until_complete
[3.275s] INFO:colcon.colcon_ros.task.ament_cmake.build:Building ROS package in '/home/omoruyiatekha/autonomy_ws/src/locobot_move' with build type 'ament_cmake'
[3.275s] INFO:colcon.colcon_cmake.task.cmake.build:Building CMake package in '/home/omoruyiatekha/autonomy_ws/src/locobot_move'
[3.328s] INFO:colcon.colcon_core.plugin_system:Skipping extension 'colcon_core.shell.bat': Not used on non-Windows systems
[3.328s] INFO:colcon.colcon_core.shell:Skip shell extension 'powershell' for command environment: Not usable outside of PowerShell
[3.328s] DEBUG:colcon.colcon_core.shell:Skip shell extension 'dsv' for command environment
[3.517s] DEBUG:colcon.colcon_core.event_handler.log_command:Invoking command in '/home/omoruyiatekha/autonomy_ws/src/build/locobot_move': CMAKE_PREFIX_PATH=${CMAKE_PREFIX_PATH}:/home/omoruyiatekha/interbotix_ws/install/interbotix_xs_modules:/home/omoruyiatekha/interbotix_ws/install/interbotix_perception_modules:/home/omoruyiatekha/interbotix_ws/install/interbotix_common_modules:/opt/ros/galactic /usr/bin/cmake /home/omoruyiatekha/autonomy_ws/src/locobot_move -DCMAKE_INSTALL_PREFIX=/home/omoruyiatekha/autonomy_ws/src/install/locobot_move
[5.760s] DEBUG:colcon.colcon_core.event_handler.log_command:Invoked command in '/home/omoruyiatekha/autonomy_ws/src/build/locobot_move' returned '0': CMAKE_PREFIX_PATH=${CMAKE_PREFIX_PATH}:/home/omoruyiatekha/interbotix_ws/install/interbotix_xs_modules:/home/omoruyiatekha/interbotix_ws/install/interbotix_perception_modules:/home/omoruyiatekha/interbotix_ws/install/interbotix_common_modules:/opt/ros/galactic /usr/bin/cmake /home/omoruyiatekha/autonomy_ws/src/locobot_move -DCMAKE_INSTALL_PREFIX=/home/omoruyiatekha/autonomy_ws/src/install/locobot_move
[5.761s] DEBUG:colcon.colcon_core.event_handler.log_command:Invoking command in '/home/omoruyiatekha/autonomy_ws/src/build/locobot_move': CMAKE_PREFIX_PATH=${CMAKE_PREFIX_PATH}:/home/omoruyiatekha/interbotix_ws/install/interbotix_xs_modules:/home/omoruyiatekha/interbotix_ws/install/interbotix_perception_modules:/home/omoruyiatekha/interbotix_ws/install/interbotix_common_modules:/opt/ros/galactic /usr/bin/cmake --build /home/omoruyiatekha/autonomy_ws/src/build/locobot_move -- -j2 -l2
[5.814s] DEBUG:colcon.colcon_core.event_handler.log_command:Invoked command in '/home/omoruyiatekha/autonomy_ws/src/build/locobot_move' returned '0': CMAKE_PREFIX_PATH=${CMAKE_PREFIX_PATH}:/home/omoruyiatekha/interbotix_ws/install/interbotix_xs_modules:/home/omoruyiatekha/interbotix_ws/install/interbotix_perception_modules:/home/omoruyiatekha/interbotix_ws/install/interbotix_common_modules:/opt/ros/galactic /usr/bin/cmake --build /home/omoruyiatekha/autonomy_ws/src/build/locobot_move -- -j2 -l2
[5.858s] DEBUG:colcon.colcon_core.event_handler.log_command:Invoking command in '/home/omoruyiatekha/autonomy_ws/src/build/locobot_move': CMAKE_PREFIX_PATH=${CMAKE_PREFIX_PATH}:/home/omoruyiatekha/interbotix_ws/install/interbotix_xs_modules:/home/omoruyiatekha/interbotix_ws/install/interbotix_perception_modules:/home/omoruyiatekha/interbotix_ws/install/interbotix_common_modules:/opt/ros/galactic /usr/bin/cmake --install /home/omoruyiatekha/autonomy_ws/src/build/locobot_move
[5.875s] Level 1:colcon.colcon_core.environment:create_environment_scripts_only(locobot_move)
[5.876s] DEBUG:colcon.colcon_core.event_handler.log_command:Invoked command in '/home/omoruyiatekha/autonomy_ws/src/build/locobot_move' returned '0': CMAKE_PREFIX_PATH=${CMAKE_PREFIX_PATH}:/home/omoruyiatekha/interbotix_ws/install/interbotix_xs_modules:/home/omoruyiatekha/interbotix_ws/install/interbotix_perception_modules:/home/omoruyiatekha/interbotix_ws/install/interbotix_common_modules:/opt/ros/galactic /usr/bin/cmake --install /home/omoruyiatekha/autonomy_ws/src/build/locobot_move
[5.937s] Level 1:colcon.colcon_core.environment:checking '/home/omoruyiatekha/autonomy_ws/src/install/locobot_move' for CMake module files
[5.938s] Level 1:colcon.colcon_core.environment:checking '/home/omoruyiatekha/autonomy_ws/src/install/locobot_move' for CMake config files
[5.938s] Level 1:colcon.colcon_core.shell:create_environment_hook('locobot_move', 'cmake_prefix_path')
[5.984s] INFO:colcon.colcon_core.shell:Creating environment hook '/home/omoruyiatekha/autonomy_ws/src/install/locobot_move/share/locobot_move/hook/cmake_prefix_path.ps1'
[5.985s] INFO:colcon.colcon_core.shell:Creating environment descriptor '/home/omoruyiatekha/autonomy_ws/src/install/locobot_move/share/locobot_move/hook/cmake_prefix_path.dsv'
[5.985s] INFO:colcon.colcon_core.shell:Creating environment hook '/home/omoruyiatekha/autonomy_ws/src/install/locobot_move/share/locobot_move/hook/cmake_prefix_path.sh'
[5.986s] Level 1:colcon.colcon_core.environment:checking '/home/omoruyiatekha/autonomy_ws/src/install/locobot_move/lib'
[5.986s] Level 1:colcon.colcon_core.environment:checking '/home/omoruyiatekha/autonomy_ws/src/install/locobot_move/bin'
[5.986s] Level 1:colcon.colcon_core.environment:checking '/home/omoruyiatekha/autonomy_ws/src/install/locobot_move/lib/pkgconfig/locobot_move.pc'
[5.986s] Level 1:colcon.colcon_core.environment:checking '/home/omoruyiatekha/autonomy_ws/src/install/locobot_move/lib/python3.8/site-packages'
[5.986s] Level 1:colcon.colcon_core.environment:checking '/home/omoruyiatekha/autonomy_ws/src/install/locobot_move/bin'
[6.033s] INFO:colcon.colcon_core.shell:Creating package script '/home/omoruyiatekha/autonomy_ws/src/install/locobot_move/share/locobot_move/package.ps1'
[6.034s] INFO:colcon.colcon_core.shell:Creating package descriptor '/home/omoruyiatekha/autonomy_ws/src/install/locobot_move/share/locobot_move/package.dsv'
[6.035s] INFO:colcon.colcon_core.shell:Creating package script '/home/omoruyiatekha/autonomy_ws/src/install/locobot_move/share/locobot_move/package.sh'
[6.035s] INFO:colcon.colcon_core.shell:Creating package script '/home/omoruyiatekha/autonomy_ws/src/install/locobot_move/share/locobot_move/package.bash'
[6.036s] INFO:colcon.colcon_core.shell:Creating package script '/home/omoruyiatekha/autonomy_ws/src/install/locobot_move/share/locobot_move/package.zsh'
[6.036s] Level 1:colcon.colcon_core.environment:create_file_with_runtime_dependencies(/home/omoruyiatekha/autonomy_ws/src/install/locobot_move/share/colcon-core/packages/locobot_move)
[6.113s] Level 1:colcon.colcon_core.environment:create_environment_scripts_only(locobot_move)
[6.159s] Level 1:colcon.colcon_core.environment:checking '/home/omoruyiatekha/autonomy_ws/src/install/locobot_move' for CMake module files
[6.159s] Level 1:colcon.colcon_core.environment:checking '/home/omoruyiatekha/autonomy_ws/src/install/locobot_move' for CMake config files
[6.159s] Level 1:colcon.colcon_core.shell:create_environment_hook('locobot_move', 'cmake_prefix_path')
[6.202s] INFO:colcon.colcon_core.shell:Creating environment hook '/home/omoruyiatekha/autonomy_ws/src/install/locobot_move/share/locobot_move/hook/cmake_prefix_path.ps1'
[6.202s] INFO:colcon.colcon_core.shell:Creating environment descriptor '/home/omoruyiatekha/autonomy_ws/src/install/locobot_move/share/locobot_move/hook/cmake_prefix_path.dsv'
[6.203s] INFO:colcon.colcon_core.shell:Creating environment hook '/home/omoruyiatekha/autonomy_ws/src/install/locobot_move/share/locobot_move/hook/cmake_prefix_path.sh'
[6.203s] Level 1:colcon.colcon_core.environment:checking '/home/omoruyiatekha/autonomy_ws/src/install/locobot_move/lib'
[6.203s] Level 1:colcon.colcon_core.environment:checking '/home/omoruyiatekha/autonomy_ws/src/install/locobot_move/bin'
[6.203s] Level 1:colcon.colcon_core.environment:checking '/home/omoruyiatekha/autonomy_ws/src/install/locobot_move/lib/pkgconfig/locobot_move.pc'
[6.204s] Level 1:colcon.colcon_core.environment:checking '/home/omoruyiatekha/autonomy_ws/src/install/locobot_move/lib/python3.8/site-packages'
[6.204s] Level 1:colcon.colcon_core.environment:checking '/home/omoruyiatekha/autonomy_ws/src/install/locobot_move/bin'
[6.250s] INFO:colcon.colcon_core.shell:Creating package script '/home/omoruyiatekha/autonomy_ws/src/install/locobot_move/share/locobot_move/package.ps1'
[6.251s] INFO:colcon.colcon_core.shell:Creating package descriptor '/home/omoruyiatekha/autonomy_ws/src/install/locobot_move/share/locobot_move/package.dsv'
[6.252s] INFO:colcon.colcon_core.shell:Creating package script '/home/omoruyiatekha/autonomy_ws/src/install/locobot_move/share/locobot_move/package.sh'
[6.252s] INFO:colcon.colcon_core.shell:Creating package script '/home/omoruyiatekha/autonomy_ws/src/install/locobot_move/share/locobot_move/package.bash'
[6.253s] INFO:colcon.colcon_core.shell:Creating package script '/home/omoruyiatekha/autonomy_ws/src/install/locobot_move/share/locobot_move/package.zsh'
[6.253s] Level 1:colcon.colcon_core.environment:create_file_with_runtime_dependencies(/home/omoruyiatekha/autonomy_ws/src/install/locobot_move/share/colcon-core/packages/locobot_move)
[6.255s] DEBUG:colcon.colcon_parallel_executor.executor.parallel:closing loop
[6.255s] DEBUG:colcon.colcon_parallel_executor.executor.parallel:loop closed
[6.255s] DEBUG:colcon.colcon_parallel_executor.executor.parallel:run_until_complete finished with '0'
[6.255s] DEBUG:colcon.colcon_core.event_reactor:joining thread
[6.314s] INFO:colcon.colcon_core.plugin_system:Skipping extension 'colcon_notification.desktop_notification.terminal_notifier': Not used on non-Darwin systems
[6.314s] INFO:colcon.colcon_core.plugin_system:Skipping extension 'colcon_notification.desktop_notification.win32': Not used on non-Windows systems
[6.314s] INFO:colcon.colcon_notification.desktop_notification:Sending desktop notification using 'notify2'
[6.333s] DEBUG:colcon.colcon_core.event_reactor:joined thread
[6.396s] INFO:colcon.colcon_core.shell:Creating prefix script '/home/omoruyiatekha/autonomy_ws/src/install/local_setup.ps1'
[6.397s] INFO:colcon.colcon_core.shell:Creating prefix util module '/home/omoruyiatekha/autonomy_ws/src/install/_local_setup_util_ps1.py'
[6.398s] INFO:colcon.colcon_core.shell:Creating prefix chain script '/home/omoruyiatekha/autonomy_ws/src/install/setup.ps1'
[6.452s] INFO:colcon.colcon_core.shell:Creating prefix script '/home/omoruyiatekha/autonomy_ws/src/install/local_setup.sh'
[6.452s] INFO:colcon.colcon_core.shell:Creating prefix util module '/home/omoruyiatekha/autonomy_ws/src/install/_local_setup_util_sh.py'
[6.452s] INFO:colcon.colcon_core.shell:Creating prefix chain script '/home/omoruyiatekha/autonomy_ws/src/install/setup.sh'
[6.501s] INFO:colcon.colcon_core.shell:Creating prefix script '/home/omoruyiatekha/autonomy_ws/src/install/local_setup.bash'
[6.501s] INFO:colcon.colcon_core.shell:Creating prefix chain script '/home/omoruyiatekha/autonomy_ws/src/install/setup.bash'
[6.553s] INFO:colcon.colcon_core.shell:Creating prefix script '/home/omoruyiatekha/autonomy_ws/src/install/local_setup.zsh'
[6.554s] INFO:colcon.colcon_core.shell:Creating prefix chain script '/home/omoruyiatekha/autonomy_ws/src/install/setup.zsh'
