[0.242s] Invoking command in '/home/omoruyiatekha/autonomy_ws/src/build/locobot_move': CMAKE_PREFIX_PATH=${CMAKE_PREFIX_PATH}:/home/omoruyiatekha/interbotix_ws/install/interbotix_xs_modules:/home/omoruyiatekha/interbotix_ws/install/interbotix_perception_modules:/home/omoruyiatekha/interbotix_ws/install/interbotix_common_modules:/opt/ros/galactic /usr/bin/cmake /home/omoruyiatekha/autonomy_ws/src/locobot_move -DCMAKE_INSTALL_PREFIX=/home/omoruyiatekha/autonomy_ws/src/install/locobot_move
[0.440s] -- The C compiler identification is GNU 9.4.0
[0.598s] -- The CXX compiler identification is GNU 9.4.0
[0.612s] -- Check for working C compiler: /usr/bin/cc
[0.691s] -- Check for working C compiler: /usr/bin/cc -- works
[0.695s] -- Detecting C compiler ABI info
[0.775s] -- Detecting C compiler ABI info - done
[0.791s] -- Detecting C compile features
[0.792s] -- Detecting C compile features - done
[0.797s] -- Check for working CXX compiler: /usr/bin/c++
[0.888s] -- Check for working CXX compiler: /usr/bin/c++ -- works
[0.890s] -- Detecting CXX compiler ABI info
[0.980s] -- Detecting CXX compiler ABI info - done
[0.992s] -- Detecting CXX compile features
[0.992s] -- Detecting CXX compile features - done
[1.016s] -- Found ament_cmake: 1.1.6 (/opt/ros/galactic/share/ament_cmake/cmake)
[1.053s] -- Found PythonInterp: /usr/bin/python3 (found suitable version "3.8.10", minimum required is "3") 
[1.053s] -- Using PYTHON_EXECUTABLE: /usr/bin/python3
[1.181s] -- Found rclcpp: 9.2.2 (/opt/ros/galactic/share/rclcpp/cmake)
[1.273s] -- Using all available rosidl_typesupport_c: rosidl_typesupport_fastrtps_c;rosidl_typesupport_introspection_c
[1.287s] -- Found rosidl_adapter: 2.2.3 (/opt/ros/galactic/share/rosidl_adapter/cmake)
[1.405s] -- Found OpenSSL: /usr/lib/x86_64-linux-gnu/libcrypto.so (found version "1.1.1f")  
[1.438s] -- Found FastRTPS: /opt/ros/galactic/include  
[1.554s] -- Using all available rosidl_typesupport_cpp: rosidl_typesupport_fastrtps_cpp;rosidl_typesupport_introspection_cpp
[1.650s] -- Found rmw_implementation_cmake: 3.3.1 (/opt/ros/galactic/share/rmw_implementation_cmake/cmake)
[1.658s] -- Found rmw_fastrtps_cpp: 5.0.2 (/opt/ros/galactic/share/rmw_fastrtps_cpp/cmake)
[1.777s] -- Using RMW implementation 'rmw_fastrtps_cpp' as default
[1.783s] -- Looking for pthread.h
[1.887s] -- Looking for pthread.h - found
[1.888s] -- Performing Test CMAKE_HAVE_LIBC_PTHREAD
[1.972s] -- Performing Test CMAKE_HAVE_LIBC_PTHREAD - Failed
[1.973s] -- Looking for pthread_create in pthreads
[2.046s] -- Looking for pthread_create in pthreads - not found
[2.046s] -- Looking for pthread_create in pthread
[2.125s] -- Looking for pthread_create in pthread - found
[2.126s] -- Found Threads: TRUE  
[2.342s] -- Found ament_lint_auto: 0.10.7 (/opt/ros/galactic/share/ament_lint_auto/cmake)
[2.457s] -- Added test 'copyright' to check source files copyright and LICENSE
[2.461s] -- Added test 'flake8' to check Python code syntax and style conventions
[2.462s] -- Added test 'lint_cmake' to check CMake code style
[2.463s] -- Added test 'pep257' to check Python code against some of the style conventions in PEP 257
[2.464s] -- Added test 'xmllint' to check XML markup files
[2.469s] -- Configuring done
[2.472s] -- Generating done
[2.473s] -- Build files have been written to: /home/omoruyiatekha/autonomy_ws/src/build/locobot_move
[2.484s] Invoked command in '/home/omoruyiatekha/autonomy_ws/src/build/locobot_move' returned '0': CMAKE_PREFIX_PATH=${CMAKE_PREFIX_PATH}:/home/omoruyiatekha/interbotix_ws/install/interbotix_xs_modules:/home/omoruyiatekha/interbotix_ws/install/interbotix_perception_modules:/home/omoruyiatekha/interbotix_ws/install/interbotix_common_modules:/opt/ros/galactic /usr/bin/cmake /home/omoruyiatekha/autonomy_ws/src/locobot_move -DCMAKE_INSTALL_PREFIX=/home/omoruyiatekha/autonomy_ws/src/install/locobot_move
[2.486s] Invoking command in '/home/omoruyiatekha/autonomy_ws/src/build/locobot_move': CMAKE_PREFIX_PATH=${CMAKE_PREFIX_PATH}:/home/omoruyiatekha/interbotix_ws/install/interbotix_xs_modules:/home/omoruyiatekha/interbotix_ws/install/interbotix_perception_modules:/home/omoruyiatekha/interbotix_ws/install/interbotix_common_modules:/opt/ros/galactic /usr/bin/cmake --build /home/omoruyiatekha/autonomy_ws/src/build/locobot_move -- -j2 -l2
[2.538s] Invoked command in '/home/omoruyiatekha/autonomy_ws/src/build/locobot_move' returned '0': CMAKE_PREFIX_PATH=${CMAKE_PREFIX_PATH}:/home/omoruyiatekha/interbotix_ws/install/interbotix_xs_modules:/home/omoruyiatekha/interbotix_ws/install/interbotix_perception_modules:/home/omoruyiatekha/interbotix_ws/install/interbotix_common_modules:/opt/ros/galactic /usr/bin/cmake --build /home/omoruyiatekha/autonomy_ws/src/build/locobot_move -- -j2 -l2
[2.582s] Invoking command in '/home/omoruyiatekha/autonomy_ws/src/build/locobot_move': CMAKE_PREFIX_PATH=${CMAKE_PREFIX_PATH}:/home/omoruyiatekha/interbotix_ws/install/interbotix_xs_modules:/home/omoruyiatekha/interbotix_ws/install/interbotix_perception_modules:/home/omoruyiatekha/interbotix_ws/install/interbotix_common_modules:/opt/ros/galactic /usr/bin/cmake --install /home/omoruyiatekha/autonomy_ws/src/build/locobot_move
[2.593s] -- Install configuration: ""
[2.593s] -- Installing: /home/omoruyiatekha/autonomy_ws/src/install/locobot_move/lib/locobot_move/send_velocity_node.py
[2.595s] -- Installing: /home/omoruyiatekha/autonomy_ws/src/install/locobot_move/share/ament_index/resource_index/package_run_dependencies/locobot_move
[2.595s] -- Installing: /home/omoruyiatekha/autonomy_ws/src/install/locobot_move/share/ament_index/resource_index/parent_prefix_path/locobot_move
[2.595s] -- Installing: /home/omoruyiatekha/autonomy_ws/src/install/locobot_move/share/locobot_move/environment/ament_prefix_path.sh
[2.596s] -- Installing: /home/omoruyiatekha/autonomy_ws/src/install/locobot_move/share/locobot_move/environment/ament_prefix_path.dsv
[2.596s] -- Installing: /home/omoruyiatekha/autonomy_ws/src/install/locobot_move/share/locobot_move/environment/path.sh
[2.596s] -- Installing: /home/omoruyiatekha/autonomy_ws/src/install/locobot_move/share/locobot_move/environment/path.dsv
[2.596s] -- Installing: /home/omoruyiatekha/autonomy_ws/src/install/locobot_move/share/locobot_move/local_setup.bash
[2.597s] -- Installing: /home/omoruyiatekha/autonomy_ws/src/install/locobot_move/share/locobot_move/local_setup.sh
[2.597s] -- Installing: /home/omoruyiatekha/autonomy_ws/src/install/locobot_move/share/locobot_move/local_setup.zsh
[2.597s] -- Installing: /home/omoruyiatekha/autonomy_ws/src/install/locobot_move/share/locobot_move/local_setup.dsv
[2.597s] -- Installing: /home/omoruyiatekha/autonomy_ws/src/install/locobot_move/share/locobot_move/package.dsv
[2.598s] -- Installing: /home/omoruyiatekha/autonomy_ws/src/install/locobot_move/share/ament_index/resource_index/packages/locobot_move
[2.598s] -- Installing: /home/omoruyiatekha/autonomy_ws/src/install/locobot_move/share/locobot_move/cmake/locobot_moveConfig.cmake
[2.598s] -- Installing: /home/omoruyiatekha/autonomy_ws/src/install/locobot_move/share/locobot_move/cmake/locobot_moveConfig-version.cmake
[2.598s] -- Installing: /home/omoruyiatekha/autonomy_ws/src/install/locobot_move/share/locobot_move/package.xml
[2.601s] Invoked command in '/home/omoruyiatekha/autonomy_ws/src/build/locobot_move' returned '0': CMAKE_PREFIX_PATH=${CMAKE_PREFIX_PATH}:/home/omoruyiatekha/interbotix_ws/install/interbotix_xs_modules:/home/omoruyiatekha/interbotix_ws/install/interbotix_perception_modules:/home/omoruyiatekha/interbotix_ws/install/interbotix_common_modules:/opt/ros/galactic /usr/bin/cmake --install /home/omoruyiatekha/autonomy_ws/src/build/locobot_move
