[2.384s] DEBUG:colcon:Command line arguments: ['/usr/bin/colcon', 'build']
[2.385s] DEBUG:colcon:Parsed command line arguments: Namespace(allow_overriding=[], ament_cmake_args=None, base_paths=['.'], build_base='build', catkin_cmake_args=None, catkin_skip_building_tests=False, cmake_args=None, cmake_clean_cache=False, cmake_clean_first=False, cmake_force_configure=False, cmake_target=None, cmake_target_skip_unavailable=False, continue_on_error=False, event_handlers=None, executor='parallel', ignore_user_meta=False, install_base='install', log_base=None, log_level=None, main=<bound method BuildVerb.main of <colcon_core.verb.build.BuildVerb object at 0x7fcb2f1eb9d0>>, merge_install=False, metas=['./colcon.meta'], packages_above=None, packages_above_and_dependencies=None, packages_above_depth=None, packages_end=None, packages_ignore=None, packages_ignore_regex=None, packages_select=None, packages_select_build_failed=False, packages_select_by_dep=None, packages_select_regex=None, packages_select_test_failures=False, packages_skip=None, packages_skip_build_finished=False, packages_skip_by_dep=None, packages_skip_regex=None, packages_skip_test_passed=False, packages_skip_up_to=None, packages_start=None, packages_up_to=None, packages_up_to_regex=None, parallel_workers=2, paths=None, symlink_install=False, test_result_base=None, verb_extension=<colcon_core.verb.build.BuildVerb object at 0x7fcb2f1eb9d0>, verb_name='build', verb_parser=<colcon_defaults.argument_parser.defaults.DefaultArgumentsDecorator object at 0x7fcb2ee05790>)
[2.482s] Level 1:colcon.colcon_core.package_discovery:discover_packages(colcon_meta) check parameters
[2.482s] Level 1:colcon.colcon_core.package_discovery:discover_packages(recursive) check parameters
[2.482s] Level 1:colcon.colcon_core.package_discovery:discover_packages(ignore) check parameters
[2.482s] Level 1:colcon.colcon_core.package_discovery:discover_packages(path) check parameters
[2.482s] Level 1:colcon.colcon_core.package_discovery:discover_packages(colcon_meta) discover
[2.482s] Level 1:colcon.colcon_core.package_discovery:discover_packages(recursive) discover
[2.482s] INFO:colcon.colcon_core.package_discovery:Crawling recursively for packages in '/home/omoruyiatekha/autonomy_ws/src'
[2.482s] Level 1:colcon.colcon_core.package_identification:_identify(.) by extensions ['ignore', 'ignore_ament_install']
[2.482s] Level 1:colcon.colcon_core.package_identification:_identify(.) by extension 'ignore'
[2.482s] Level 1:colcon.colcon_core.package_identification:_identify(.) by extension 'ignore_ament_install'
[2.482s] Level 1:colcon.colcon_core.package_identification:_identify(.) by extensions ['colcon_pkg']
[2.482s] Level 1:colcon.colcon_core.package_identification:_identify(.) by extension 'colcon_pkg'
[2.483s] Level 1:colcon.colcon_core.package_identification:_identify(.) by extensions ['colcon_meta']
[2.483s] Level 1:colcon.colcon_core.package_identification:_identify(.) by extension 'colcon_meta'
[2.483s] Level 1:colcon.colcon_core.package_identification:_identify(.) by extensions ['ros']
[2.483s] Level 1:colcon.colcon_core.package_identification:_identify(.) by extension 'ros'
[2.491s] Level 1:colcon.colcon_core.package_identification:_identify(.) by extensions ['cmake', 'python']
[2.491s] Level 1:colcon.colcon_core.package_identification:_identify(.) by extension 'cmake'
[2.491s] Level 1:colcon.colcon_core.package_identification:_identify(.) by extension 'python'
[2.491s] Level 1:colcon.colcon_core.package_identification:_identify(.) by extensions ['python_setup_py']
[2.491s] Level 1:colcon.colcon_core.package_identification:_identify(.) by extension 'python_setup_py'
[2.491s] Level 1:colcon.colcon_core.package_identification:_identify(build) by extensions ['ignore', 'ignore_ament_install']
[2.491s] Level 1:colcon.colcon_core.package_identification:_identify(build) by extension 'ignore'
[2.491s] Level 1:colcon.colcon_core.package_identification:_identify(build) ignored
[2.491s] Level 1:colcon.colcon_core.package_identification:_identify(install) by extensions ['ignore', 'ignore_ament_install']
[2.491s] Level 1:colcon.colcon_core.package_identification:_identify(install) by extension 'ignore'
[2.492s] Level 1:colcon.colcon_core.package_identification:_identify(install) ignored
[2.492s] Level 1:colcon.colcon_core.package_identification:_identify(locobot_move) by extensions ['ignore', 'ignore_ament_install']
[2.492s] Level 1:colcon.colcon_core.package_identification:_identify(locobot_move) by extension 'ignore'
[2.492s] Level 1:colcon.colcon_core.package_identification:_identify(locobot_move) by extension 'ignore_ament_install'
[2.492s] Level 1:colcon.colcon_core.package_identification:_identify(locobot_move) by extensions ['colcon_pkg']
[2.492s] Level 1:colcon.colcon_core.package_identification:_identify(locobot_move) by extension 'colcon_pkg'
[2.492s] Level 1:colcon.colcon_core.package_identification:_identify(locobot_move) by extensions ['colcon_meta']
[2.492s] Level 1:colcon.colcon_core.package_identification:_identify(locobot_move) by extension 'colcon_meta'
[2.492s] Level 1:colcon.colcon_core.package_identification:_identify(locobot_move) by extensions ['ros']
[2.492s] Level 1:colcon.colcon_core.package_identification:_identify(locobot_move) by extension 'ros'
[2.494s] DEBUG:colcon.colcon_core.package_identification:Package 'locobot_move' with type 'ros.ament_cmake' and name 'locobot_move'
[2.494s] Level 1:colcon.colcon_core.package_identification:_identify(log) by extensions ['ignore', 'ignore_ament_install']
[2.494s] Level 1:colcon.colcon_core.package_identification:_identify(log) by extension 'ignore'
[2.494s] Level 1:colcon.colcon_core.package_identification:_identify(log) ignored
[2.494s] Level 1:colcon.colcon_core.package_identification:_identify(move_arms) by extensions ['ignore', 'ignore_ament_install']
[2.494s] Level 1:colcon.colcon_core.package_identification:_identify(move_arms) by extension 'ignore'
[2.494s] Level 1:colcon.colcon_core.package_identification:_identify(move_arms) by extension 'ignore_ament_install'
[2.494s] Level 1:colcon.colcon_core.package_identification:_identify(move_arms) by extensions ['colcon_pkg']
[2.494s] Level 1:colcon.colcon_core.package_identification:_identify(move_arms) by extension 'colcon_pkg'
[2.495s] Level 1:colcon.colcon_core.package_identification:_identify(move_arms) by extensions ['colcon_meta']
[2.495s] Level 1:colcon.colcon_core.package_identification:_identify(move_arms) by extension 'colcon_meta'
[2.495s] Level 1:colcon.colcon_core.package_identification:_identify(move_arms) by extensions ['ros']
[2.495s] Level 1:colcon.colcon_core.package_identification:_identify(move_arms) by extension 'ros'
[2.497s] DEBUG:colcon.colcon_core.package_identification:Package 'move_arms' with type 'ros.ament_cmake' and name 'move_arms'
[2.497s] Level 1:colcon.colcon_core.package_identification:_identify(move_without_obstacle) by extensions ['ignore', 'ignore_ament_install']
[2.497s] Level 1:colcon.colcon_core.package_identification:_identify(move_without_obstacle) by extension 'ignore'
[2.497s] Level 1:colcon.colcon_core.package_identification:_identify(move_without_obstacle) by extension 'ignore_ament_install'
[2.497s] Level 1:colcon.colcon_core.package_identification:_identify(move_without_obstacle) by extensions ['colcon_pkg']
[2.497s] Level 1:colcon.colcon_core.package_identification:_identify(move_without_obstacle) by extension 'colcon_pkg'
[2.497s] Level 1:colcon.colcon_core.package_identification:_identify(move_without_obstacle) by extensions ['colcon_meta']
[2.497s] Level 1:colcon.colcon_core.package_identification:_identify(move_without_obstacle) by extension 'colcon_meta'
[2.497s] Level 1:colcon.colcon_core.package_identification:_identify(move_without_obstacle) by extensions ['ros']
[2.497s] Level 1:colcon.colcon_core.package_identification:_identify(move_without_obstacle) by extension 'ros'
[2.498s] DEBUG:colcon.colcon_core.package_identification:Package 'move_without_obstacle' with type 'ros.ament_cmake' and name 'move_without_obstacle'
[2.498s] Level 1:colcon.colcon_core.package_discovery:discover_packages(recursive) using defaults
[2.498s] Level 1:colcon.colcon_core.package_discovery:discover_packages(ignore) discover
[2.498s] Level 1:colcon.colcon_core.package_discovery:discover_packages(ignore) using defaults
[2.498s] Level 1:colcon.colcon_core.package_discovery:discover_packages(path) discover
[2.498s] Level 1:colcon.colcon_core.package_discovery:discover_packages(path) using defaults
[2.719s] Level 1:colcon.colcon_core.package_discovery:discover_packages(prefix_path) check parameters
[2.719s] Level 1:colcon.colcon_core.package_discovery:discover_packages(prefix_path) discover
[2.801s] DEBUG:colcon.colcon_installed_package_information.package_discovery:Found 1 installed packages in /home/omoruyiatekha/autonomy_ws/install
[2.841s] DEBUG:colcon.colcon_installed_package_information.package_discovery:Found 1 installed packages in /home/omoruyiatekha/me326_ws/install
[2.882s] DEBUG:colcon.colcon_installed_package_information.package_discovery:Found 19 installed packages in /home/omoruyiatekha/interbotix_ws/install
[2.923s] DEBUG:colcon.colcon_installed_package_information.package_discovery:Found 369 installed packages in /opt/ros/galactic
[2.924s] Level 1:colcon.colcon_core.package_discovery:discover_packages(prefix_path) using defaults
[3.096s] Level 5:colcon.colcon_core.verb:set package 'locobot_move' build argument 'cmake_args' from command line to 'None'
[3.096s] Level 5:colcon.colcon_core.verb:set package 'locobot_move' build argument 'cmake_target' from command line to 'None'
[3.096s] Level 5:colcon.colcon_core.verb:set package 'locobot_move' build argument 'cmake_target_skip_unavailable' from command line to 'False'
[3.096s] Level 5:colcon.colcon_core.verb:set package 'locobot_move' build argument 'cmake_clean_cache' from command line to 'False'
[3.096s] Level 5:colcon.colcon_core.verb:set package 'locobot_move' build argument 'cmake_clean_first' from command line to 'False'
[3.096s] Level 5:colcon.colcon_core.verb:set package 'locobot_move' build argument 'cmake_force_configure' from command line to 'False'
[3.096s] Level 5:colcon.colcon_core.verb:set package 'locobot_move' build argument 'ament_cmake_args' from command line to 'None'
[3.096s] Level 5:colcon.colcon_core.verb:set package 'locobot_move' build argument 'catkin_cmake_args' from command line to 'None'
[3.096s] Level 5:colcon.colcon_core.verb:set package 'locobot_move' build argument 'catkin_skip_building_tests' from command line to 'False'
[3.096s] DEBUG:colcon.colcon_core.verb:Building package 'locobot_move' with the following arguments: {'ament_cmake_args': None, 'build_base': '/home/omoruyiatekha/autonomy_ws/src/build/locobot_move', 'catkin_cmake_args': None, 'catkin_skip_building_tests': False, 'cmake_args': None, 'cmake_clean_cache': False, 'cmake_clean_first': False, 'cmake_force_configure': False, 'cmake_target': None, 'cmake_target_skip_unavailable': False, 'install_base': '/home/omoruyiatekha/autonomy_ws/src/install/locobot_move', 'merge_install': False, 'path': '/home/omoruyiatekha/autonomy_ws/src/locobot_move', 'symlink_install': False, 'test_result_base': None}
[3.136s] Level 5:colcon.colcon_core.verb:set package 'move_arms' build argument 'cmake_args' from command line to 'None'
[3.136s] Level 5:colcon.colcon_core.verb:set package 'move_arms' build argument 'cmake_target' from command line to 'None'
[3.136s] Level 5:colcon.colcon_core.verb:set package 'move_arms' build argument 'cmake_target_skip_unavailable' from command line to 'False'
[3.136s] Level 5:colcon.colcon_core.verb:set package 'move_arms' build argument 'cmake_clean_cache' from command line to 'False'
[3.136s] Level 5:colcon.colcon_core.verb:set package 'move_arms' build argument 'cmake_clean_first' from command line to 'False'
[3.136s] Level 5:colcon.colcon_core.verb:set package 'move_arms' build argument 'cmake_force_configure' from command line to 'False'
[3.136s] Level 5:colcon.colcon_core.verb:set package 'move_arms' build argument 'ament_cmake_args' from command line to 'None'
[3.136s] Level 5:colcon.colcon_core.verb:set package 'move_arms' build argument 'catkin_cmake_args' from command line to 'None'
[3.136s] Level 5:colcon.colcon_core.verb:set package 'move_arms' build argument 'catkin_skip_building_tests' from command line to 'False'
[3.136s] DEBUG:colcon.colcon_core.verb:Building package 'move_arms' with the following arguments: {'ament_cmake_args': None, 'build_base': '/home/omoruyiatekha/autonomy_ws/src/build/move_arms', 'catkin_cmake_args': None, 'catkin_skip_building_tests': False, 'cmake_args': None, 'cmake_clean_cache': False, 'cmake_clean_first': False, 'cmake_force_configure': False, 'cmake_target': None, 'cmake_target_skip_unavailable': False, 'install_base': '/home/omoruyiatekha/autonomy_ws/src/install/move_arms', 'merge_install': False, 'path': '/home/omoruyiatekha/autonomy_ws/src/move_arms', 'symlink_install': False, 'test_result_base': None}
[3.175s] Level 5:colcon.colcon_core.verb:set package 'move_without_obstacle' build argument 'cmake_args' from command line to 'None'
[3.175s] Level 5:colcon.colcon_core.verb:set package 'move_without_obstacle' build argument 'cmake_target' from command line to 'None'
[3.175s] Level 5:colcon.colcon_core.verb:set package 'move_without_obstacle' build argument 'cmake_target_skip_unavailable' from command line to 'False'
[3.175s] Level 5:colcon.colcon_core.verb:set package 'move_without_obstacle' build argument 'cmake_clean_cache' from command line to 'False'
[3.175s] Level 5:colcon.colcon_core.verb:set package 'move_without_obstacle' build argument 'cmake_clean_first' from command line to 'False'
[3.175s] Level 5:colcon.colcon_core.verb:set package 'move_without_obstacle' build argument 'cmake_force_configure' from command line to 'False'
[3.175s] Level 5:colcon.colcon_core.verb:set package 'move_without_obstacle' build argument 'ament_cmake_args' from command line to 'None'
[3.175s] Level 5:colcon.colcon_core.verb:set package 'move_without_obstacle' build argument 'catkin_cmake_args' from command line to 'None'
[3.175s] Level 5:colcon.colcon_core.verb:set package 'move_without_obstacle' build argument 'catkin_skip_building_tests' from command line to 'False'
[3.175s] DEBUG:colcon.colcon_core.verb:Building package 'move_without_obstacle' with the following arguments: {'ament_cmake_args': None, 'build_base': '/home/omoruyiatekha/autonomy_ws/src/build/move_without_obstacle', 'catkin_cmake_args': None, 'catkin_skip_building_tests': False, 'cmake_args': None, 'cmake_clean_cache': False, 'cmake_clean_first': False, 'cmake_force_configure': False, 'cmake_target': None, 'cmake_target_skip_unavailable': False, 'install_base': '/home/omoruyiatekha/autonomy_ws/src/install/move_without_obstacle', 'merge_install': False, 'path': '/home/omoruyiatekha/autonomy_ws/src/move_without_obstacle', 'symlink_install': False, 'test_result_base': None}
[3.216s] INFO:colcon.colcon_core.executor:Executing jobs using 'parallel' executor
[3.259s] DEBUG:colcon.colcon_parallel_executor.executor.parallel:run_until_complete
[3.259s] INFO:colcon.colcon_ros.task.ament_cmake.build:Building ROS package in '/home/omoruyiatekha/autonomy_ws/src/locobot_move' with build type 'ament_cmake'
[3.259s] INFO:colcon.colcon_cmake.task.cmake.build:Building CMake package in '/home/omoruyiatekha/autonomy_ws/src/locobot_move'
[3.308s] INFO:colcon.colcon_core.plugin_system:Skipping extension 'colcon_core.shell.bat': Not used on non-Windows systems
[3.308s] INFO:colcon.colcon_core.shell:Skip shell extension 'powershell' for command environment: Not usable outside of PowerShell
[3.308s] DEBUG:colcon.colcon_core.shell:Skip shell extension 'dsv' for command environment
[3.534s] INFO:colcon.colcon_ros.task.ament_cmake.build:Building ROS package in '/home/omoruyiatekha/autonomy_ws/src/move_arms' with build type 'ament_cmake'
[3.534s] INFO:colcon.colcon_cmake.task.cmake.build:Building CMake package in '/home/omoruyiatekha/autonomy_ws/src/move_arms'
[3.581s] INFO:colcon.colcon_core.shell:Skip shell extension 'powershell' for command environment: Not usable outside of PowerShell
[3.581s] DEBUG:colcon.colcon_core.shell:Skip shell extension 'dsv' for command environment
[3.809s] DEBUG:colcon.colcon_core.event_handler.log_command:Invoking command in '/home/omoruyiatekha/autonomy_ws/src/build/locobot_move': CMAKE_PREFIX_PATH=${CMAKE_PREFIX_PATH}:/home/omoruyiatekha/interbotix_ws/install/interbotix_xs_modules:/home/omoruyiatekha/interbotix_ws/install/interbotix_perception_modules:/home/omoruyiatekha/interbotix_ws/install/interbotix_common_modules:/opt/ros/galactic /usr/bin/cmake --build /home/omoruyiatekha/autonomy_ws/src/build/locobot_move -- -j2 -l2
[3.822s] DEBUG:colcon.colcon_core.event_handler.log_command:Invoking command in '/home/omoruyiatekha/autonomy_ws/src/build/move_arms': CMAKE_PREFIX_PATH=${CMAKE_PREFIX_PATH}:/home/omoruyiatekha/interbotix_ws/install/interbotix_xs_modules:/home/omoruyiatekha/interbotix_ws/install/interbotix_perception_modules:/home/omoruyiatekha/interbotix_ws/install/interbotix_common_modules:/opt/ros/galactic /usr/bin/cmake /home/omoruyiatekha/autonomy_ws/src/move_arms -DCMAKE_INSTALL_PREFIX=/home/omoruyiatekha/autonomy_ws/src/install/move_arms
[3.856s] DEBUG:colcon.colcon_core.event_handler.log_command:Invoked command in '/home/omoruyiatekha/autonomy_ws/src/build/locobot_move' returned '0': CMAKE_PREFIX_PATH=${CMAKE_PREFIX_PATH}:/home/omoruyiatekha/interbotix_ws/install/interbotix_xs_modules:/home/omoruyiatekha/interbotix_ws/install/interbotix_perception_modules:/home/omoruyiatekha/interbotix_ws/install/interbotix_common_modules:/opt/ros/galactic /usr/bin/cmake --build /home/omoruyiatekha/autonomy_ws/src/build/locobot_move -- -j2 -l2
[3.892s] DEBUG:colcon.colcon_core.event_handler.log_command:Invoking command in '/home/omoruyiatekha/autonomy_ws/src/build/locobot_move': CMAKE_PREFIX_PATH=${CMAKE_PREFIX_PATH}:/home/omoruyiatekha/interbotix_ws/install/interbotix_xs_modules:/home/omoruyiatekha/interbotix_ws/install/interbotix_perception_modules:/home/omoruyiatekha/interbotix_ws/install/interbotix_common_modules:/opt/ros/galactic /usr/bin/cmake --install /home/omoruyiatekha/autonomy_ws/src/build/locobot_move
[3.906s] Level 1:colcon.colcon_core.environment:create_environment_scripts_only(locobot_move)
[3.906s] DEBUG:colcon.colcon_core.event_handler.log_command:Invoked command in '/home/omoruyiatekha/autonomy_ws/src/build/locobot_move' returned '0': CMAKE_PREFIX_PATH=${CMAKE_PREFIX_PATH}:/home/omoruyiatekha/interbotix_ws/install/interbotix_xs_modules:/home/omoruyiatekha/interbotix_ws/install/interbotix_perception_modules:/home/omoruyiatekha/interbotix_ws/install/interbotix_common_modules:/opt/ros/galactic /usr/bin/cmake --install /home/omoruyiatekha/autonomy_ws/src/build/locobot_move
[3.959s] Level 1:colcon.colcon_core.environment:checking '/home/omoruyiatekha/autonomy_ws/src/install/locobot_move' for CMake module files
[3.960s] Level 1:colcon.colcon_core.environment:checking '/home/omoruyiatekha/autonomy_ws/src/install/locobot_move' for CMake config files
[3.960s] Level 1:colcon.colcon_core.shell:create_environment_hook('locobot_move', 'cmake_prefix_path')
[4.004s] INFO:colcon.colcon_core.shell:Creating environment hook '/home/omoruyiatekha/autonomy_ws/src/install/locobot_move/share/locobot_move/hook/cmake_prefix_path.ps1'
[4.005s] INFO:colcon.colcon_core.shell:Creating environment descriptor '/home/omoruyiatekha/autonomy_ws/src/install/locobot_move/share/locobot_move/hook/cmake_prefix_path.dsv'
[4.005s] INFO:colcon.colcon_core.shell:Creating environment hook '/home/omoruyiatekha/autonomy_ws/src/install/locobot_move/share/locobot_move/hook/cmake_prefix_path.sh'
[4.006s] Level 1:colcon.colcon_core.environment:checking '/home/omoruyiatekha/autonomy_ws/src/install/locobot_move/lib'
[4.006s] Level 1:colcon.colcon_core.environment:checking '/home/omoruyiatekha/autonomy_ws/src/install/locobot_move/bin'
[4.006s] Level 1:colcon.colcon_core.environment:checking '/home/omoruyiatekha/autonomy_ws/src/install/locobot_move/lib/pkgconfig/locobot_move.pc'
[4.006s] Level 1:colcon.colcon_core.environment:checking '/home/omoruyiatekha/autonomy_ws/src/install/locobot_move/lib/python3.8/site-packages'
[4.006s] Level 1:colcon.colcon_core.environment:checking '/home/omoruyiatekha/autonomy_ws/src/install/locobot_move/bin'
[4.051s] INFO:colcon.colcon_core.shell:Creating package script '/home/omoruyiatekha/autonomy_ws/src/install/locobot_move/share/locobot_move/package.ps1'
[4.052s] INFO:colcon.colcon_core.shell:Creating package descriptor '/home/omoruyiatekha/autonomy_ws/src/install/locobot_move/share/locobot_move/package.dsv'
[4.053s] INFO:colcon.colcon_core.shell:Creating package script '/home/omoruyiatekha/autonomy_ws/src/install/locobot_move/share/locobot_move/package.sh'
[4.053s] INFO:colcon.colcon_core.shell:Creating package script '/home/omoruyiatekha/autonomy_ws/src/install/locobot_move/share/locobot_move/package.bash'
[4.054s] INFO:colcon.colcon_core.shell:Creating package script '/home/omoruyiatekha/autonomy_ws/src/install/locobot_move/share/locobot_move/package.zsh'
[4.055s] Level 1:colcon.colcon_core.environment:create_file_with_runtime_dependencies(/home/omoruyiatekha/autonomy_ws/src/install/locobot_move/share/colcon-core/packages/locobot_move)
[4.124s] Level 1:colcon.colcon_core.environment:create_environment_scripts_only(locobot_move)
[4.169s] Level 1:colcon.colcon_core.environment:checking '/home/omoruyiatekha/autonomy_ws/src/install/locobot_move' for CMake module files
[4.169s] Level 1:colcon.colcon_core.environment:checking '/home/omoruyiatekha/autonomy_ws/src/install/locobot_move' for CMake config files
[4.170s] Level 1:colcon.colcon_core.shell:create_environment_hook('locobot_move', 'cmake_prefix_path')
[4.216s] INFO:colcon.colcon_core.shell:Creating environment hook '/home/omoruyiatekha/autonomy_ws/src/install/locobot_move/share/locobot_move/hook/cmake_prefix_path.ps1'
[4.217s] INFO:colcon.colcon_core.shell:Creating environment descriptor '/home/omoruyiatekha/autonomy_ws/src/install/locobot_move/share/locobot_move/hook/cmake_prefix_path.dsv'
[4.217s] INFO:colcon.colcon_core.shell:Creating environment hook '/home/omoruyiatekha/autonomy_ws/src/install/locobot_move/share/locobot_move/hook/cmake_prefix_path.sh'
[4.218s] Level 1:colcon.colcon_core.environment:checking '/home/omoruyiatekha/autonomy_ws/src/install/locobot_move/lib'
[4.218s] Level 1:colcon.colcon_core.environment:checking '/home/omoruyiatekha/autonomy_ws/src/install/locobot_move/bin'
[4.218s] Level 1:colcon.colcon_core.environment:checking '/home/omoruyiatekha/autonomy_ws/src/install/locobot_move/lib/pkgconfig/locobot_move.pc'
[4.218s] Level 1:colcon.colcon_core.environment:checking '/home/omoruyiatekha/autonomy_ws/src/install/locobot_move/lib/python3.8/site-packages'
[4.218s] Level 1:colcon.colcon_core.environment:checking '/home/omoruyiatekha/autonomy_ws/src/install/locobot_move/bin'
[4.268s] INFO:colcon.colcon_core.shell:Creating package script '/home/omoruyiatekha/autonomy_ws/src/install/locobot_move/share/locobot_move/package.ps1'
[4.269s] INFO:colcon.colcon_core.shell:Creating package descriptor '/home/omoruyiatekha/autonomy_ws/src/install/locobot_move/share/locobot_move/package.dsv'
[4.269s] INFO:colcon.colcon_core.shell:Creating package script '/home/omoruyiatekha/autonomy_ws/src/install/locobot_move/share/locobot_move/package.sh'
[4.270s] INFO:colcon.colcon_core.shell:Creating package script '/home/omoruyiatekha/autonomy_ws/src/install/locobot_move/share/locobot_move/package.bash'
[4.270s] INFO:colcon.colcon_core.shell:Creating package script '/home/omoruyiatekha/autonomy_ws/src/install/locobot_move/share/locobot_move/package.zsh'
[4.270s] Level 1:colcon.colcon_core.environment:create_file_with_runtime_dependencies(/home/omoruyiatekha/autonomy_ws/src/install/locobot_move/share/colcon-core/packages/locobot_move)
[4.271s] INFO:colcon.colcon_ros.task.ament_cmake.build:Building ROS package in '/home/omoruyiatekha/autonomy_ws/src/move_without_obstacle' with build type 'ament_cmake'
[4.271s] INFO:colcon.colcon_cmake.task.cmake.build:Building CMake package in '/home/omoruyiatekha/autonomy_ws/src/move_without_obstacle'
[4.321s] INFO:colcon.colcon_core.shell:Skip shell extension 'powershell' for command environment: Not usable outside of PowerShell
[4.321s] DEBUG:colcon.colcon_core.shell:Skip shell extension 'dsv' for command environment
[4.579s] DEBUG:colcon.colcon_core.event_handler.log_command:Invoked command in '/home/omoruyiatekha/autonomy_ws/src/build/move_arms' returned '0': CMAKE_PREFIX_PATH=${CMAKE_PREFIX_PATH}:/home/omoruyiatekha/interbotix_ws/install/interbotix_xs_modules:/home/omoruyiatekha/interbotix_ws/install/interbotix_perception_modules:/home/omoruyiatekha/interbotix_ws/install/interbotix_common_modules:/opt/ros/galactic /usr/bin/cmake /home/omoruyiatekha/autonomy_ws/src/move_arms -DCMAKE_INSTALL_PREFIX=/home/omoruyiatekha/autonomy_ws/src/install/move_arms
[4.579s] DEBUG:colcon.colcon_core.event_handler.log_command:Invoking command in '/home/omoruyiatekha/autonomy_ws/src/build/move_arms': CMAKE_PREFIX_PATH=${CMAKE_PREFIX_PATH}:/home/omoruyiatekha/interbotix_ws/install/interbotix_xs_modules:/home/omoruyiatekha/interbotix_ws/install/interbotix_perception_modules:/home/omoruyiatekha/interbotix_ws/install/interbotix_common_modules:/opt/ros/galactic /usr/bin/cmake --build /home/omoruyiatekha/autonomy_ws/src/build/move_arms -- -j2 -l2
[4.586s] DEBUG:colcon.colcon_core.event_handler.log_command:Invoking command in '/home/omoruyiatekha/autonomy_ws/src/build/move_without_obstacle': CMAKE_PREFIX_PATH=${CMAKE_PREFIX_PATH}:/home/omoruyiatekha/interbotix_ws/install/interbotix_xs_modules:/home/omoruyiatekha/interbotix_ws/install/interbotix_perception_modules:/home/omoruyiatekha/interbotix_ws/install/interbotix_common_modules:/opt/ros/galactic /usr/bin/cmake /home/omoruyiatekha/autonomy_ws/src/move_without_obstacle -DCMAKE_INSTALL_PREFIX=/home/omoruyiatekha/autonomy_ws/src/install/move_without_obstacle
[4.629s] DEBUG:colcon.colcon_core.event_handler.log_command:Invoked command in '/home/omoruyiatekha/autonomy_ws/src/build/move_arms' returned '0': CMAKE_PREFIX_PATH=${CMAKE_PREFIX_PATH}:/home/omoruyiatekha/interbotix_ws/install/interbotix_xs_modules:/home/omoruyiatekha/interbotix_ws/install/interbotix_perception_modules:/home/omoruyiatekha/interbotix_ws/install/interbotix_common_modules:/opt/ros/galactic /usr/bin/cmake --build /home/omoruyiatekha/autonomy_ws/src/build/move_arms -- -j2 -l2
[4.654s] DEBUG:colcon.colcon_core.event_handler.log_command:Invoking command in '/home/omoruyiatekha/autonomy_ws/src/build/move_arms': CMAKE_PREFIX_PATH=${CMAKE_PREFIX_PATH}:/home/omoruyiatekha/interbotix_ws/install/interbotix_xs_modules:/home/omoruyiatekha/interbotix_ws/install/interbotix_perception_modules:/home/omoruyiatekha/interbotix_ws/install/interbotix_common_modules:/opt/ros/galactic /usr/bin/cmake --install /home/omoruyiatekha/autonomy_ws/src/build/move_arms
[4.666s] Level 1:colcon.colcon_core.environment:create_environment_scripts_only(move_arms)
[4.669s] DEBUG:colcon.colcon_core.event_handler.log_command:Invoked command in '/home/omoruyiatekha/autonomy_ws/src/build/move_arms' returned '0': CMAKE_PREFIX_PATH=${CMAKE_PREFIX_PATH}:/home/omoruyiatekha/interbotix_ws/install/interbotix_xs_modules:/home/omoruyiatekha/interbotix_ws/install/interbotix_perception_modules:/home/omoruyiatekha/interbotix_ws/install/interbotix_common_modules:/opt/ros/galactic /usr/bin/cmake --install /home/omoruyiatekha/autonomy_ws/src/build/move_arms
[4.721s] Level 1:colcon.colcon_core.environment:checking '/home/omoruyiatekha/autonomy_ws/src/install/move_arms' for CMake module files
[4.721s] Level 1:colcon.colcon_core.environment:checking '/home/omoruyiatekha/autonomy_ws/src/install/move_arms' for CMake config files
[4.721s] Level 1:colcon.colcon_core.shell:create_environment_hook('move_arms', 'cmake_prefix_path')
[4.769s] INFO:colcon.colcon_core.shell:Creating environment hook '/home/omoruyiatekha/autonomy_ws/src/install/move_arms/share/move_arms/hook/cmake_prefix_path.ps1'
[4.770s] INFO:colcon.colcon_core.shell:Creating environment descriptor '/home/omoruyiatekha/autonomy_ws/src/install/move_arms/share/move_arms/hook/cmake_prefix_path.dsv'
[4.770s] INFO:colcon.colcon_core.shell:Creating environment hook '/home/omoruyiatekha/autonomy_ws/src/install/move_arms/share/move_arms/hook/cmake_prefix_path.sh'
[4.770s] Level 1:colcon.colcon_core.environment:checking '/home/omoruyiatekha/autonomy_ws/src/install/move_arms/lib'
[4.770s] Level 1:colcon.colcon_core.environment:checking '/home/omoruyiatekha/autonomy_ws/src/install/move_arms/bin'
[4.771s] Level 1:colcon.colcon_core.environment:checking '/home/omoruyiatekha/autonomy_ws/src/install/move_arms/lib/pkgconfig/move_arms.pc'
[4.771s] Level 1:colcon.colcon_core.environment:checking '/home/omoruyiatekha/autonomy_ws/src/install/move_arms/lib/python3.8/site-packages'
[4.771s] Level 1:colcon.colcon_core.environment:checking '/home/omoruyiatekha/autonomy_ws/src/install/move_arms/bin'
[4.822s] INFO:colcon.colcon_core.shell:Creating package script '/home/omoruyiatekha/autonomy_ws/src/install/move_arms/share/move_arms/package.ps1'
[4.822s] INFO:colcon.colcon_core.shell:Creating package descriptor '/home/omoruyiatekha/autonomy_ws/src/install/move_arms/share/move_arms/package.dsv'
[4.823s] INFO:colcon.colcon_core.shell:Creating package script '/home/omoruyiatekha/autonomy_ws/src/install/move_arms/share/move_arms/package.sh'
[4.823s] INFO:colcon.colcon_core.shell:Creating package script '/home/omoruyiatekha/autonomy_ws/src/install/move_arms/share/move_arms/package.bash'
[4.823s] INFO:colcon.colcon_core.shell:Creating package script '/home/omoruyiatekha/autonomy_ws/src/install/move_arms/share/move_arms/package.zsh'
[4.824s] Level 1:colcon.colcon_core.environment:create_file_with_runtime_dependencies(/home/omoruyiatekha/autonomy_ws/src/install/move_arms/share/colcon-core/packages/move_arms)
[4.907s] Level 1:colcon.colcon_core.environment:create_environment_scripts_only(move_arms)
[4.966s] Level 1:colcon.colcon_core.environment:checking '/home/omoruyiatekha/autonomy_ws/src/install/move_arms' for CMake module files
[4.967s] Level 1:colcon.colcon_core.environment:checking '/home/omoruyiatekha/autonomy_ws/src/install/move_arms' for CMake config files
[4.967s] Level 1:colcon.colcon_core.shell:create_environment_hook('move_arms', 'cmake_prefix_path')
[5.016s] INFO:colcon.colcon_core.shell:Creating environment hook '/home/omoruyiatekha/autonomy_ws/src/install/move_arms/share/move_arms/hook/cmake_prefix_path.ps1'
[5.016s] INFO:colcon.colcon_core.shell:Creating environment descriptor '/home/omoruyiatekha/autonomy_ws/src/install/move_arms/share/move_arms/hook/cmake_prefix_path.dsv'
[5.017s] INFO:colcon.colcon_core.shell:Creating environment hook '/home/omoruyiatekha/autonomy_ws/src/install/move_arms/share/move_arms/hook/cmake_prefix_path.sh'
[5.017s] Level 1:colcon.colcon_core.environment:checking '/home/omoruyiatekha/autonomy_ws/src/install/move_arms/lib'
[5.017s] Level 1:colcon.colcon_core.environment:checking '/home/omoruyiatekha/autonomy_ws/src/install/move_arms/bin'
[5.017s] Level 1:colcon.colcon_core.environment:checking '/home/omoruyiatekha/autonomy_ws/src/install/move_arms/lib/pkgconfig/move_arms.pc'
[5.017s] Level 1:colcon.colcon_core.environment:checking '/home/omoruyiatekha/autonomy_ws/src/install/move_arms/lib/python3.8/site-packages'
[5.018s] Level 1:colcon.colcon_core.environment:checking '/home/omoruyiatekha/autonomy_ws/src/install/move_arms/bin'
[5.063s] INFO:colcon.colcon_core.shell:Creating package script '/home/omoruyiatekha/autonomy_ws/src/install/move_arms/share/move_arms/package.ps1'
[5.064s] INFO:colcon.colcon_core.shell:Creating package descriptor '/home/omoruyiatekha/autonomy_ws/src/install/move_arms/share/move_arms/package.dsv'
[5.064s] INFO:colcon.colcon_core.shell:Creating package script '/home/omoruyiatekha/autonomy_ws/src/install/move_arms/share/move_arms/package.sh'
[5.065s] INFO:colcon.colcon_core.shell:Creating package script '/home/omoruyiatekha/autonomy_ws/src/install/move_arms/share/move_arms/package.bash'
[5.065s] INFO:colcon.colcon_core.shell:Creating package script '/home/omoruyiatekha/autonomy_ws/src/install/move_arms/share/move_arms/package.zsh'
[5.066s] Level 1:colcon.colcon_core.environment:create_file_with_runtime_dependencies(/home/omoruyiatekha/autonomy_ws/src/install/move_arms/share/colcon-core/packages/move_arms)
[5.226s] DEBUG:colcon.colcon_core.event_handler.log_command:Invoked command in '/home/omoruyiatekha/autonomy_ws/src/build/move_without_obstacle' returned '0': CMAKE_PREFIX_PATH=${CMAKE_PREFIX_PATH}:/home/omoruyiatekha/interbotix_ws/install/interbotix_xs_modules:/home/omoruyiatekha/interbotix_ws/install/interbotix_perception_modules:/home/omoruyiatekha/interbotix_ws/install/interbotix_common_modules:/opt/ros/galactic /usr/bin/cmake /home/omoruyiatekha/autonomy_ws/src/move_without_obstacle -DCMAKE_INSTALL_PREFIX=/home/omoruyiatekha/autonomy_ws/src/install/move_without_obstacle
[5.226s] DEBUG:colcon.colcon_core.event_handler.log_command:Invoking command in '/home/omoruyiatekha/autonomy_ws/src/build/move_without_obstacle': CMAKE_PREFIX_PATH=${CMAKE_PREFIX_PATH}:/home/omoruyiatekha/interbotix_ws/install/interbotix_xs_modules:/home/omoruyiatekha/interbotix_ws/install/interbotix_perception_modules:/home/omoruyiatekha/interbotix_ws/install/interbotix_common_modules:/opt/ros/galactic /usr/bin/cmake --build /home/omoruyiatekha/autonomy_ws/src/build/move_without_obstacle -- -j2 -l2
[5.266s] DEBUG:colcon.colcon_core.event_handler.log_command:Invoked command in '/home/omoruyiatekha/autonomy_ws/src/build/move_without_obstacle' returned '0': CMAKE_PREFIX_PATH=${CMAKE_PREFIX_PATH}:/home/omoruyiatekha/interbotix_ws/install/interbotix_xs_modules:/home/omoruyiatekha/interbotix_ws/install/interbotix_perception_modules:/home/omoruyiatekha/interbotix_ws/install/interbotix_common_modules:/opt/ros/galactic /usr/bin/cmake --build /home/omoruyiatekha/autonomy_ws/src/build/move_without_obstacle -- -j2 -l2
[5.289s] DEBUG:colcon.colcon_core.event_handler.log_command:Invoking command in '/home/omoruyiatekha/autonomy_ws/src/build/move_without_obstacle': CMAKE_PREFIX_PATH=${CMAKE_PREFIX_PATH}:/home/omoruyiatekha/interbotix_ws/install/interbotix_xs_modules:/home/omoruyiatekha/interbotix_ws/install/interbotix_perception_modules:/home/omoruyiatekha/interbotix_ws/install/interbotix_common_modules:/opt/ros/galactic /usr/bin/cmake --install /home/omoruyiatekha/autonomy_ws/src/build/move_without_obstacle
[5.303s] Level 1:colcon.colcon_core.environment:create_environment_scripts_only(move_without_obstacle)
[5.304s] DEBUG:colcon.colcon_core.event_handler.log_command:Invoked command in '/home/omoruyiatekha/autonomy_ws/src/build/move_without_obstacle' returned '0': CMAKE_PREFIX_PATH=${CMAKE_PREFIX_PATH}:/home/omoruyiatekha/interbotix_ws/install/interbotix_xs_modules:/home/omoruyiatekha/interbotix_ws/install/interbotix_perception_modules:/home/omoruyiatekha/interbotix_ws/install/interbotix_common_modules:/opt/ros/galactic /usr/bin/cmake --install /home/omoruyiatekha/autonomy_ws/src/build/move_without_obstacle
[5.350s] Level 1:colcon.colcon_core.environment:checking '/home/omoruyiatekha/autonomy_ws/src/install/move_without_obstacle' for CMake module files
[5.350s] Level 1:colcon.colcon_core.environment:checking '/home/omoruyiatekha/autonomy_ws/src/install/move_without_obstacle' for CMake config files
[5.350s] Level 1:colcon.colcon_core.shell:create_environment_hook('move_without_obstacle', 'cmake_prefix_path')
[5.395s] INFO:colcon.colcon_core.shell:Creating environment hook '/home/omoruyiatekha/autonomy_ws/src/install/move_without_obstacle/share/move_without_obstacle/hook/cmake_prefix_path.ps1'
[5.396s] INFO:colcon.colcon_core.shell:Creating environment descriptor '/home/omoruyiatekha/autonomy_ws/src/install/move_without_obstacle/share/move_without_obstacle/hook/cmake_prefix_path.dsv'
[5.396s] INFO:colcon.colcon_core.shell:Creating environment hook '/home/omoruyiatekha/autonomy_ws/src/install/move_without_obstacle/share/move_without_obstacle/hook/cmake_prefix_path.sh'
[5.396s] Level 1:colcon.colcon_core.environment:checking '/home/omoruyiatekha/autonomy_ws/src/install/move_without_obstacle/bin'
[5.396s] Level 1:colcon.colcon_core.environment:checking '/home/omoruyiatekha/autonomy_ws/src/install/move_without_obstacle/lib/pkgconfig/move_without_obstacle.pc'
[5.397s] Level 1:colcon.colcon_core.environment:checking '/home/omoruyiatekha/autonomy_ws/src/install/move_without_obstacle/lib/python3.8/site-packages'
[5.397s] Level 1:colcon.colcon_core.environment:checking '/home/omoruyiatekha/autonomy_ws/src/install/move_without_obstacle/bin'
[5.442s] INFO:colcon.colcon_core.shell:Creating package script '/home/omoruyiatekha/autonomy_ws/src/install/move_without_obstacle/share/move_without_obstacle/package.ps1'
[5.443s] INFO:colcon.colcon_core.shell:Creating package descriptor '/home/omoruyiatekha/autonomy_ws/src/install/move_without_obstacle/share/move_without_obstacle/package.dsv'
[5.443s] INFO:colcon.colcon_core.shell:Creating package script '/home/omoruyiatekha/autonomy_ws/src/install/move_without_obstacle/share/move_without_obstacle/package.sh'
[5.444s] INFO:colcon.colcon_core.shell:Creating package script '/home/omoruyiatekha/autonomy_ws/src/install/move_without_obstacle/share/move_without_obstacle/package.bash'
[5.444s] INFO:colcon.colcon_core.shell:Creating package script '/home/omoruyiatekha/autonomy_ws/src/install/move_without_obstacle/share/move_without_obstacle/package.zsh'
[5.444s] Level 1:colcon.colcon_core.environment:create_file_with_runtime_dependencies(/home/omoruyiatekha/autonomy_ws/src/install/move_without_obstacle/share/colcon-core/packages/move_without_obstacle)
[5.522s] Level 1:colcon.colcon_core.environment:create_environment_scripts_only(move_without_obstacle)
[5.565s] Level 1:colcon.colcon_core.environment:checking '/home/omoruyiatekha/autonomy_ws/src/install/move_without_obstacle' for CMake module files
[5.565s] Level 1:colcon.colcon_core.environment:checking '/home/omoruyiatekha/autonomy_ws/src/install/move_without_obstacle' for CMake config files
[5.565s] Level 1:colcon.colcon_core.shell:create_environment_hook('move_without_obstacle', 'cmake_prefix_path')
[5.607s] INFO:colcon.colcon_core.shell:Creating environment hook '/home/omoruyiatekha/autonomy_ws/src/install/move_without_obstacle/share/move_without_obstacle/hook/cmake_prefix_path.ps1'
[5.608s] INFO:colcon.colcon_core.shell:Creating environment descriptor '/home/omoruyiatekha/autonomy_ws/src/install/move_without_obstacle/share/move_without_obstacle/hook/cmake_prefix_path.dsv'
[5.608s] INFO:colcon.colcon_core.shell:Creating environment hook '/home/omoruyiatekha/autonomy_ws/src/install/move_without_obstacle/share/move_without_obstacle/hook/cmake_prefix_path.sh'
[5.609s] Level 1:colcon.colcon_core.environment:checking '/home/omoruyiatekha/autonomy_ws/src/install/move_without_obstacle/bin'
[5.609s] Level 1:colcon.colcon_core.environment:checking '/home/omoruyiatekha/autonomy_ws/src/install/move_without_obstacle/lib/pkgconfig/move_without_obstacle.pc'
[5.609s] Level 1:colcon.colcon_core.environment:checking '/home/omoruyiatekha/autonomy_ws/src/install/move_without_obstacle/lib/python3.8/site-packages'
[5.609s] Level 1:colcon.colcon_core.environment:checking '/home/omoruyiatekha/autonomy_ws/src/install/move_without_obstacle/bin'
[5.654s] INFO:colcon.colcon_core.shell:Creating package script '/home/omoruyiatekha/autonomy_ws/src/install/move_without_obstacle/share/move_without_obstacle/package.ps1'
[5.654s] INFO:colcon.colcon_core.shell:Creating package descriptor '/home/omoruyiatekha/autonomy_ws/src/install/move_without_obstacle/share/move_without_obstacle/package.dsv'
[5.655s] INFO:colcon.colcon_core.shell:Creating package script '/home/omoruyiatekha/autonomy_ws/src/install/move_without_obstacle/share/move_without_obstacle/package.sh'
[5.655s] INFO:colcon.colcon_core.shell:Creating package script '/home/omoruyiatekha/autonomy_ws/src/install/move_without_obstacle/share/move_without_obstacle/package.bash'
[5.656s] INFO:colcon.colcon_core.shell:Creating package script '/home/omoruyiatekha/autonomy_ws/src/install/move_without_obstacle/share/move_without_obstacle/package.zsh'
[5.656s] Level 1:colcon.colcon_core.environment:create_file_with_runtime_dependencies(/home/omoruyiatekha/autonomy_ws/src/install/move_without_obstacle/share/colcon-core/packages/move_without_obstacle)
[5.656s] DEBUG:colcon.colcon_parallel_executor.executor.parallel:closing loop
[5.656s] DEBUG:colcon.colcon_parallel_executor.executor.parallel:loop closed
[5.656s] DEBUG:colcon.colcon_parallel_executor.executor.parallel:run_until_complete finished with '0'
[5.656s] DEBUG:colcon.colcon_core.event_reactor:joining thread
[5.713s] INFO:colcon.colcon_core.plugin_system:Skipping extension 'colcon_notification.desktop_notification.terminal_notifier': Not used on non-Darwin systems
[5.713s] INFO:colcon.colcon_core.plugin_system:Skipping extension 'colcon_notification.desktop_notification.win32': Not used on non-Windows systems
[5.713s] INFO:colcon.colcon_notification.desktop_notification:Sending desktop notification using 'notify2'
[5.728s] DEBUG:colcon.colcon_core.event_reactor:joined thread
[5.778s] INFO:colcon.colcon_core.shell:Creating prefix script '/home/omoruyiatekha/autonomy_ws/src/install/local_setup.ps1'
[5.778s] INFO:colcon.colcon_core.shell:Creating prefix util module '/home/omoruyiatekha/autonomy_ws/src/install/_local_setup_util_ps1.py'
[5.780s] INFO:colcon.colcon_core.shell:Creating prefix chain script '/home/omoruyiatekha/autonomy_ws/src/install/setup.ps1'
[5.831s] INFO:colcon.colcon_core.shell:Creating prefix script '/home/omoruyiatekha/autonomy_ws/src/install/local_setup.sh'
[5.831s] INFO:colcon.colcon_core.shell:Creating prefix util module '/home/omoruyiatekha/autonomy_ws/src/install/_local_setup_util_sh.py'
[5.832s] INFO:colcon.colcon_core.shell:Creating prefix chain script '/home/omoruyiatekha/autonomy_ws/src/install/setup.sh'
[5.879s] INFO:colcon.colcon_core.shell:Creating prefix script '/home/omoruyiatekha/autonomy_ws/src/install/local_setup.bash'
[5.880s] INFO:colcon.colcon_core.shell:Creating prefix chain script '/home/omoruyiatekha/autonomy_ws/src/install/setup.bash'
[5.926s] INFO:colcon.colcon_core.shell:Creating prefix script '/home/omoruyiatekha/autonomy_ws/src/install/local_setup.zsh'
[5.927s] INFO:colcon.colcon_core.shell:Creating prefix chain script '/home/omoruyiatekha/autonomy_ws/src/install/setup.zsh'
