[2.709s] DEBUG:colcon:Command line arguments: ['/usr/bin/colcon', 'build']
[2.709s] DEBUG:colcon:Parsed command line arguments: Namespace(allow_overriding=[], ament_cmake_args=None, base_paths=['.'], build_base='build', catkin_cmake_args=None, catkin_skip_building_tests=False, cmake_args=None, cmake_clean_cache=False, cmake_clean_first=False, cmake_force_configure=False, cmake_target=None, cmake_target_skip_unavailable=False, continue_on_error=False, event_handlers=None, executor='parallel', ignore_user_meta=False, install_base='install', log_base=None, log_level=None, main=<bound method BuildVerb.main of <colcon_core.verb.build.BuildVerb object at 0x7ff7657bf730>>, merge_install=False, metas=['./colcon.meta'], packages_above=None, packages_above_and_dependencies=None, packages_above_depth=None, packages_end=None, packages_ignore=None, packages_ignore_regex=None, packages_select=None, packages_select_build_failed=False, packages_select_by_dep=None, packages_select_regex=None, packages_select_test_failures=False, packages_skip=None, packages_skip_build_finished=False, packages_skip_by_dep=None, packages_skip_regex=None, packages_skip_test_passed=False, packages_skip_up_to=None, packages_start=None, packages_up_to=None, packages_up_to_regex=None, parallel_workers=2, paths=None, symlink_install=False, test_result_base=None, verb_extension=<colcon_core.verb.build.BuildVerb object at 0x7ff7657bf730>, verb_name='build', verb_parser=<colcon_defaults.argument_parser.defaults.DefaultArgumentsDecorator object at 0x7ff765342910>)
[2.847s] Level 1:colcon.colcon_core.package_discovery:discover_packages(colcon_meta) check parameters
[2.847s] Level 1:colcon.colcon_core.package_discovery:discover_packages(recursive) check parameters
[2.847s] Level 1:colcon.colcon_core.package_discovery:discover_packages(ignore) check parameters
[2.847s] Level 1:colcon.colcon_core.package_discovery:discover_packages(path) check parameters
[2.847s] Level 1:colcon.colcon_core.package_discovery:discover_packages(colcon_meta) discover
[2.848s] Level 1:colcon.colcon_core.package_discovery:discover_packages(recursive) discover
[2.848s] INFO:colcon.colcon_core.package_discovery:Crawling recursively for packages in '/home/omoruyiatekha/autonomy_ws/src'
[2.848s] Level 1:colcon.colcon_core.package_identification:_identify(.) by extensions ['ignore', 'ignore_ament_install']
[2.848s] Level 1:colcon.colcon_core.package_identification:_identify(.) by extension 'ignore'
[2.848s] Level 1:colcon.colcon_core.package_identification:_identify(.) by extension 'ignore_ament_install'
[2.848s] Level 1:colcon.colcon_core.package_identification:_identify(.) by extensions ['colcon_pkg']
[2.848s] Level 1:colcon.colcon_core.package_identification:_identify(.) by extension 'colcon_pkg'
[2.848s] Level 1:colcon.colcon_core.package_identification:_identify(.) by extensions ['colcon_meta']
[2.848s] Level 1:colcon.colcon_core.package_identification:_identify(.) by extension 'colcon_meta'
[2.848s] Level 1:colcon.colcon_core.package_identification:_identify(.) by extensions ['ros']
[2.848s] Level 1:colcon.colcon_core.package_identification:_identify(.) by extension 'ros'
[2.857s] Level 1:colcon.colcon_core.package_identification:_identify(.) by extensions ['cmake', 'python']
[2.857s] Level 1:colcon.colcon_core.package_identification:_identify(.) by extension 'cmake'
[2.857s] Level 1:colcon.colcon_core.package_identification:_identify(.) by extension 'python'
[2.857s] Level 1:colcon.colcon_core.package_identification:_identify(.) by extensions ['python_setup_py']
[2.857s] Level 1:colcon.colcon_core.package_identification:_identify(.) by extension 'python_setup_py'
[2.857s] Level 1:colcon.colcon_core.package_identification:_identify(build) by extensions ['ignore', 'ignore_ament_install']
[2.857s] Level 1:colcon.colcon_core.package_identification:_identify(build) by extension 'ignore'
[2.857s] Level 1:colcon.colcon_core.package_identification:_identify(build) ignored
[2.858s] Level 1:colcon.colcon_core.package_identification:_identify(install) by extensions ['ignore', 'ignore_ament_install']
[2.858s] Level 1:colcon.colcon_core.package_identification:_identify(install) by extension 'ignore'
[2.858s] Level 1:colcon.colcon_core.package_identification:_identify(install) ignored
[2.858s] Level 1:colcon.colcon_core.package_identification:_identify(locobot_move) by extensions ['ignore', 'ignore_ament_install']
[2.858s] Level 1:colcon.colcon_core.package_identification:_identify(locobot_move) by extension 'ignore'
[2.858s] Level 1:colcon.colcon_core.package_identification:_identify(locobot_move) by extension 'ignore_ament_install'
[2.858s] Level 1:colcon.colcon_core.package_identification:_identify(locobot_move) by extensions ['colcon_pkg']
[2.858s] Level 1:colcon.colcon_core.package_identification:_identify(locobot_move) by extension 'colcon_pkg'
[2.858s] Level 1:colcon.colcon_core.package_identification:_identify(locobot_move) by extensions ['colcon_meta']
[2.858s] Level 1:colcon.colcon_core.package_identification:_identify(locobot_move) by extension 'colcon_meta'
[2.858s] Level 1:colcon.colcon_core.package_identification:_identify(locobot_move) by extensions ['ros']
[2.858s] Level 1:colcon.colcon_core.package_identification:_identify(locobot_move) by extension 'ros'
[2.860s] DEBUG:colcon.colcon_core.package_identification:Package 'locobot_move' with type 'ros.ament_cmake' and name 'locobot_move'
[2.861s] Level 1:colcon.colcon_core.package_identification:_identify(log) by extensions ['ignore', 'ignore_ament_install']
[2.861s] Level 1:colcon.colcon_core.package_identification:_identify(log) by extension 'ignore'
[2.861s] Level 1:colcon.colcon_core.package_identification:_identify(log) ignored
[2.861s] Level 1:colcon.colcon_core.package_discovery:discover_packages(recursive) using defaults
[2.861s] Level 1:colcon.colcon_core.package_discovery:discover_packages(ignore) discover
[2.861s] Level 1:colcon.colcon_core.package_discovery:discover_packages(ignore) using defaults
[2.861s] Level 1:colcon.colcon_core.package_discovery:discover_packages(path) discover
[2.861s] Level 1:colcon.colcon_core.package_discovery:discover_packages(path) using defaults
[3.116s] Level 1:colcon.colcon_core.package_discovery:discover_packages(prefix_path) check parameters
[3.116s] Level 1:colcon.colcon_core.package_discovery:discover_packages(prefix_path) discover
[3.217s] DEBUG:colcon.colcon_installed_package_information.package_discovery:Found 1 installed packages in /home/omoruyiatekha/autonomy_ws/install
[3.261s] DEBUG:colcon.colcon_installed_package_information.package_discovery:Found 1 installed packages in /home/omoruyiatekha/me326_ws/install
[3.310s] DEBUG:colcon.colcon_installed_package_information.package_discovery:Found 18 installed packages in /home/omoruyiatekha/interbotix_ws/install
[3.357s] DEBUG:colcon.colcon_installed_package_information.package_discovery:Found 335 installed packages in /opt/ros/galactic
[3.358s] Level 1:colcon.colcon_core.package_discovery:discover_packages(prefix_path) using defaults
[3.690s] Level 5:colcon.colcon_core.verb:set package 'locobot_move' build argument 'cmake_args' from command line to 'None'
[3.690s] Level 5:colcon.colcon_core.verb:set package 'locobot_move' build argument 'cmake_target' from command line to 'None'
[3.690s] Level 5:colcon.colcon_core.verb:set package 'locobot_move' build argument 'cmake_target_skip_unavailable' from command line to 'False'
[3.690s] Level 5:colcon.colcon_core.verb:set package 'locobot_move' build argument 'cmake_clean_cache' from command line to 'False'
[3.690s] Level 5:colcon.colcon_core.verb:set package 'locobot_move' build argument 'cmake_clean_first' from command line to 'False'
[3.690s] Level 5:colcon.colcon_core.verb:set package 'locobot_move' build argument 'cmake_force_configure' from command line to 'False'
[3.690s] Level 5:colcon.colcon_core.verb:set package 'locobot_move' build argument 'ament_cmake_args' from command line to 'None'
[3.690s] Level 5:colcon.colcon_core.verb:set package 'locobot_move' build argument 'catkin_cmake_args' from command line to 'None'
[3.691s] Level 5:colcon.colcon_core.verb:set package 'locobot_move' build argument 'catkin_skip_building_tests' from command line to 'False'
[3.691s] DEBUG:colcon.colcon_core.verb:Building package 'locobot_move' with the following arguments: {'ament_cmake_args': None, 'build_base': '/home/omoruyiatekha/autonomy_ws/src/build/locobot_move', 'catkin_cmake_args': None, 'catkin_skip_building_tests': False, 'cmake_args': None, 'cmake_clean_cache': False, 'cmake_clean_first': False, 'cmake_force_configure': False, 'cmake_target': None, 'cmake_target_skip_unavailable': False, 'install_base': '/home/omoruyiatekha/autonomy_ws/src/install/locobot_move', 'merge_install': False, 'path': '/home/omoruyiatekha/autonomy_ws/src/locobot_move', 'symlink_install': False, 'test_result_base': None}
[3.737s] INFO:colcon.colcon_core.executor:Executing jobs using 'parallel' executor
[3.780s] DEBUG:colcon.colcon_parallel_executor.executor.parallel:run_until_complete
[3.781s] INFO:colcon.colcon_ros.task.ament_cmake.build:Building ROS package in '/home/omoruyiatekha/autonomy_ws/src/locobot_move' with build type 'ament_cmake'
[3.781s] INFO:colcon.colcon_cmake.task.cmake.build:Building CMake package in '/home/omoruyiatekha/autonomy_ws/src/locobot_move'
[3.844s] INFO:colcon.colcon_core.plugin_system:Skipping extension 'colcon_core.shell.bat': Not used on non-Windows systems
[3.844s] INFO:colcon.colcon_core.shell:Skip shell extension 'powershell' for command environment: Not usable outside of PowerShell
[3.844s] DEBUG:colcon.colcon_core.shell:Skip shell extension 'dsv' for command environment
[4.087s] DEBUG:colcon.colcon_core.event_handler.log_command:Invoking command in '/home/omoruyiatekha/autonomy_ws/src/build/locobot_move': CMAKE_PREFIX_PATH=${CMAKE_PREFIX_PATH}:/home/omoruyiatekha/interbotix_ws/install/interbotix_xs_modules:/home/omoruyiatekha/interbotix_ws/install/interbotix_perception_modules:/home/omoruyiatekha/interbotix_ws/install/interbotix_common_modules:/opt/ros/galactic /usr/bin/cmake --build /home/omoruyiatekha/autonomy_ws/src/build/locobot_move -- -j2 -l2
[4.176s] DEBUG:colcon.colcon_core.event_handler.log_command:Invoked command in '/home/omoruyiatekha/autonomy_ws/src/build/locobot_move' returned '0': CMAKE_PREFIX_PATH=${CMAKE_PREFIX_PATH}:/home/omoruyiatekha/interbotix_ws/install/interbotix_xs_modules:/home/omoruyiatekha/interbotix_ws/install/interbotix_perception_modules:/home/omoruyiatekha/interbotix_ws/install/interbotix_common_modules:/opt/ros/galactic /usr/bin/cmake --build /home/omoruyiatekha/autonomy_ws/src/build/locobot_move -- -j2 -l2
[4.220s] DEBUG:colcon.colcon_core.event_handler.log_command:Invoking command in '/home/omoruyiatekha/autonomy_ws/src/build/locobot_move': CMAKE_PREFIX_PATH=${CMAKE_PREFIX_PATH}:/home/omoruyiatekha/interbotix_ws/install/interbotix_xs_modules:/home/omoruyiatekha/interbotix_ws/install/interbotix_perception_modules:/home/omoruyiatekha/interbotix_ws/install/interbotix_common_modules:/opt/ros/galactic /usr/bin/cmake --install /home/omoruyiatekha/autonomy_ws/src/build/locobot_move
[4.240s] Level 1:colcon.colcon_core.environment:create_environment_scripts_only(locobot_move)
[4.241s] DEBUG:colcon.colcon_core.event_handler.log_command:Invoked command in '/home/omoruyiatekha/autonomy_ws/src/build/locobot_move' returned '0': CMAKE_PREFIX_PATH=${CMAKE_PREFIX_PATH}:/home/omoruyiatekha/interbotix_ws/install/interbotix_xs_modules:/home/omoruyiatekha/interbotix_ws/install/interbotix_perception_modules:/home/omoruyiatekha/interbotix_ws/install/interbotix_common_modules:/opt/ros/galactic /usr/bin/cmake --install /home/omoruyiatekha/autonomy_ws/src/build/locobot_move
[4.300s] Level 1:colcon.colcon_core.environment:checking '/home/omoruyiatekha/autonomy_ws/src/install/locobot_move' for CMake module files
[4.301s] Level 1:colcon.colcon_core.environment:checking '/home/omoruyiatekha/autonomy_ws/src/install/locobot_move' for CMake config files
[4.301s] Level 1:colcon.colcon_core.shell:create_environment_hook('locobot_move', 'cmake_prefix_path')
[4.352s] INFO:colcon.colcon_core.shell:Creating environment hook '/home/omoruyiatekha/autonomy_ws/src/install/locobot_move/share/locobot_move/hook/cmake_prefix_path.ps1'
[4.353s] INFO:colcon.colcon_core.shell:Creating environment descriptor '/home/omoruyiatekha/autonomy_ws/src/install/locobot_move/share/locobot_move/hook/cmake_prefix_path.dsv'
[4.354s] INFO:colcon.colcon_core.shell:Creating environment hook '/home/omoruyiatekha/autonomy_ws/src/install/locobot_move/share/locobot_move/hook/cmake_prefix_path.sh'
[4.356s] Level 1:colcon.colcon_core.environment:checking '/home/omoruyiatekha/autonomy_ws/src/install/locobot_move/lib'
[4.356s] Level 1:colcon.colcon_core.environment:checking '/home/omoruyiatekha/autonomy_ws/src/install/locobot_move/bin'
[4.356s] Level 1:colcon.colcon_core.environment:checking '/home/omoruyiatekha/autonomy_ws/src/install/locobot_move/lib/pkgconfig/locobot_move.pc'
[4.357s] Level 1:colcon.colcon_core.environment:checking '/home/omoruyiatekha/autonomy_ws/src/install/locobot_move/lib/python3.8/site-packages'
[4.357s] Level 1:colcon.colcon_core.environment:checking '/home/omoruyiatekha/autonomy_ws/src/install/locobot_move/bin'
[4.403s] INFO:colcon.colcon_core.shell:Creating package script '/home/omoruyiatekha/autonomy_ws/src/install/locobot_move/share/locobot_move/package.ps1'
[4.405s] INFO:colcon.colcon_core.shell:Creating package descriptor '/home/omoruyiatekha/autonomy_ws/src/install/locobot_move/share/locobot_move/package.dsv'
[4.406s] INFO:colcon.colcon_core.shell:Creating package script '/home/omoruyiatekha/autonomy_ws/src/install/locobot_move/share/locobot_move/package.sh'
[4.408s] INFO:colcon.colcon_core.shell:Creating package script '/home/omoruyiatekha/autonomy_ws/src/install/locobot_move/share/locobot_move/package.bash'
[4.409s] INFO:colcon.colcon_core.shell:Creating package script '/home/omoruyiatekha/autonomy_ws/src/install/locobot_move/share/locobot_move/package.zsh'
[4.411s] Level 1:colcon.colcon_core.environment:create_file_with_runtime_dependencies(/home/omoruyiatekha/autonomy_ws/src/install/locobot_move/share/colcon-core/packages/locobot_move)
[4.492s] Level 1:colcon.colcon_core.environment:create_environment_scripts_only(locobot_move)
[4.548s] Level 1:colcon.colcon_core.environment:checking '/home/omoruyiatekha/autonomy_ws/src/install/locobot_move' for CMake module files
[4.548s] Level 1:colcon.colcon_core.environment:checking '/home/omoruyiatekha/autonomy_ws/src/install/locobot_move' for CMake config files
[4.548s] Level 1:colcon.colcon_core.shell:create_environment_hook('locobot_move', 'cmake_prefix_path')
[4.601s] INFO:colcon.colcon_core.shell:Creating environment hook '/home/omoruyiatekha/autonomy_ws/src/install/locobot_move/share/locobot_move/hook/cmake_prefix_path.ps1'
[4.602s] INFO:colcon.colcon_core.shell:Creating environment descriptor '/home/omoruyiatekha/autonomy_ws/src/install/locobot_move/share/locobot_move/hook/cmake_prefix_path.dsv'
[4.602s] INFO:colcon.colcon_core.shell:Creating environment hook '/home/omoruyiatekha/autonomy_ws/src/install/locobot_move/share/locobot_move/hook/cmake_prefix_path.sh'
[4.603s] Level 1:colcon.colcon_core.environment:checking '/home/omoruyiatekha/autonomy_ws/src/install/locobot_move/lib'
[4.603s] Level 1:colcon.colcon_core.environment:checking '/home/omoruyiatekha/autonomy_ws/src/install/locobot_move/bin'
[4.603s] Level 1:colcon.colcon_core.environment:checking '/home/omoruyiatekha/autonomy_ws/src/install/locobot_move/lib/pkgconfig/locobot_move.pc'
[4.603s] Level 1:colcon.colcon_core.environment:checking '/home/omoruyiatekha/autonomy_ws/src/install/locobot_move/lib/python3.8/site-packages'
[4.603s] Level 1:colcon.colcon_core.environment:checking '/home/omoruyiatekha/autonomy_ws/src/install/locobot_move/bin'
[4.649s] INFO:colcon.colcon_core.shell:Creating package script '/home/omoruyiatekha/autonomy_ws/src/install/locobot_move/share/locobot_move/package.ps1'
[4.650s] INFO:colcon.colcon_core.shell:Creating package descriptor '/home/omoruyiatekha/autonomy_ws/src/install/locobot_move/share/locobot_move/package.dsv'
[4.650s] INFO:colcon.colcon_core.shell:Creating package script '/home/omoruyiatekha/autonomy_ws/src/install/locobot_move/share/locobot_move/package.sh'
[4.650s] INFO:colcon.colcon_core.shell:Creating package script '/home/omoruyiatekha/autonomy_ws/src/install/locobot_move/share/locobot_move/package.bash'
[4.651s] INFO:colcon.colcon_core.shell:Creating package script '/home/omoruyiatekha/autonomy_ws/src/install/locobot_move/share/locobot_move/package.zsh'
[4.651s] Level 1:colcon.colcon_core.environment:create_file_with_runtime_dependencies(/home/omoruyiatekha/autonomy_ws/src/install/locobot_move/share/colcon-core/packages/locobot_move)
[4.652s] DEBUG:colcon.colcon_parallel_executor.executor.parallel:closing loop
[4.652s] DEBUG:colcon.colcon_parallel_executor.executor.parallel:loop closed
[4.652s] DEBUG:colcon.colcon_parallel_executor.executor.parallel:run_until_complete finished with '0'
[4.652s] DEBUG:colcon.colcon_core.event_reactor:joining thread
[4.717s] INFO:colcon.colcon_core.plugin_system:Skipping extension 'colcon_notification.desktop_notification.terminal_notifier': Not used on non-Darwin systems
[4.717s] INFO:colcon.colcon_core.plugin_system:Skipping extension 'colcon_notification.desktop_notification.win32': Not used on non-Windows systems
[4.717s] INFO:colcon.colcon_notification.desktop_notification:Sending desktop notification using 'notify2'
[4.735s] DEBUG:colcon.colcon_core.event_reactor:joined thread
[4.786s] INFO:colcon.colcon_core.shell:Creating prefix script '/home/omoruyiatekha/autonomy_ws/src/install/local_setup.ps1'
[4.788s] INFO:colcon.colcon_core.shell:Creating prefix util module '/home/omoruyiatekha/autonomy_ws/src/install/_local_setup_util_ps1.py'
[4.790s] INFO:colcon.colcon_core.shell:Creating prefix chain script '/home/omoruyiatekha/autonomy_ws/src/install/setup.ps1'
[4.844s] INFO:colcon.colcon_core.shell:Creating prefix script '/home/omoruyiatekha/autonomy_ws/src/install/local_setup.sh'
[4.845s] INFO:colcon.colcon_core.shell:Creating prefix util module '/home/omoruyiatekha/autonomy_ws/src/install/_local_setup_util_sh.py'
[4.845s] INFO:colcon.colcon_core.shell:Creating prefix chain script '/home/omoruyiatekha/autonomy_ws/src/install/setup.sh'
[4.906s] INFO:colcon.colcon_core.shell:Creating prefix script '/home/omoruyiatekha/autonomy_ws/src/install/local_setup.bash'
[4.907s] INFO:colcon.colcon_core.shell:Creating prefix chain script '/home/omoruyiatekha/autonomy_ws/src/install/setup.bash'
[4.961s] INFO:colcon.colcon_core.shell:Creating prefix script '/home/omoruyiatekha/autonomy_ws/src/install/local_setup.zsh'
[4.962s] INFO:colcon.colcon_core.shell:Creating prefix chain script '/home/omoruyiatekha/autonomy_ws/src/install/setup.zsh'
