[0.315s] Invoking command in '/home/omoruyiatekha/autonomy_ws/src/build/move_without_obstacle': CMAKE_PREFIX_PATH=${CMAKE_PREFIX_PATH}:/home/omoruyiatekha/interbotix_ws/install/interbotix_xs_modules:/home/omoruyiatekha/interbotix_ws/install/interbotix_perception_modules:/home/omoruyiatekha/interbotix_ws/install/interbotix_common_modules:/opt/ros/galactic /usr/bin/cmake /home/omoruyiatekha/autonomy_ws/src/move_without_obstacle -DCMAKE_INSTALL_PREFIX=/home/omoruyiatekha/autonomy_ws/src/install/move_without_obstacle
[0.375s] -- The C compiler identification is GNU 9.4.0
[0.436s] -- The CXX compiler identification is GNU 9.4.0
[0.440s] -- Check for working C compiler: /usr/bin/cc
[0.510s] -- Check for working C compiler: /usr/bin/cc -- works
[0.511s] -- Detecting C compiler ABI info
[0.576s] -- Detecting C compiler ABI info - done
[0.589s] -- Detecting C compile features
[0.589s] -- Detecting C compile features - done
[0.590s] -- Check for working CXX compiler: /usr/bin/c++
[0.679s] -- Check for working CXX compiler: /usr/bin/c++ -- works
[0.680s] -- Detecting CXX compiler ABI info
[0.752s] -- Detecting CXX compiler ABI info - done
[0.763s] -- Detecting CXX compile features
[0.764s] -- Detecting CXX compile features - done
[0.767s] -- Found ament_cmake: 1.1.6 (/opt/ros/galactic/share/ament_cmake/cmake)
[0.790s] -- Found PythonInterp: /usr/bin/python3 (found suitable version "3.8.10", minimum required is "3") 
[0.790s] -- Using PYTHON_EXECUTABLE: /usr/bin/python3
[0.872s] -- Found ament_lint_auto: 0.10.7 (/opt/ros/galactic/share/ament_lint_auto/cmake)
[0.944s] -- Added test 'copyright' to check source files copyright and LICENSE
[0.945s] -- Added test 'lint_cmake' to check CMake code style
[0.946s] -- Added test 'xmllint' to check XML markup files
[0.948s] -- Configuring done
[0.949s] -- Generating done
[0.950s] -- Build files have been written to: /home/omoruyiatekha/autonomy_ws/src/build/move_without_obstacle
[0.954s] Invoked command in '/home/omoruyiatekha/autonomy_ws/src/build/move_without_obstacle' returned '0': CMAKE_PREFIX_PATH=${CMAKE_PREFIX_PATH}:/home/omoruyiatekha/interbotix_ws/install/interbotix_xs_modules:/home/omoruyiatekha/interbotix_ws/install/interbotix_perception_modules:/home/omoruyiatekha/interbotix_ws/install/interbotix_common_modules:/opt/ros/galactic /usr/bin/cmake /home/omoruyiatekha/autonomy_ws/src/move_without_obstacle -DCMAKE_INSTALL_PREFIX=/home/omoruyiatekha/autonomy_ws/src/install/move_without_obstacle
[0.955s] Invoking command in '/home/omoruyiatekha/autonomy_ws/src/build/move_without_obstacle': CMAKE_PREFIX_PATH=${CMAKE_PREFIX_PATH}:/home/omoruyiatekha/interbotix_ws/install/interbotix_xs_modules:/home/omoruyiatekha/interbotix_ws/install/interbotix_perception_modules:/home/omoruyiatekha/interbotix_ws/install/interbotix_common_modules:/opt/ros/galactic /usr/bin/cmake --build /home/omoruyiatekha/autonomy_ws/src/build/move_without_obstacle -- -j2 -l2
[0.995s] Invoked command in '/home/omoruyiatekha/autonomy_ws/src/build/move_without_obstacle' returned '0': CMAKE_PREFIX_PATH=${CMAKE_PREFIX_PATH}:/home/omoruyiatekha/interbotix_ws/install/interbotix_xs_modules:/home/omoruyiatekha/interbotix_ws/install/interbotix_perception_modules:/home/omoruyiatekha/interbotix_ws/install/interbotix_common_modules:/opt/ros/galactic /usr/bin/cmake --build /home/omoruyiatekha/autonomy_ws/src/build/move_without_obstacle -- -j2 -l2
[1.018s] Invoking command in '/home/omoruyiatekha/autonomy_ws/src/build/move_without_obstacle': CMAKE_PREFIX_PATH=${CMAKE_PREFIX_PATH}:/home/omoruyiatekha/interbotix_ws/install/interbotix_xs_modules:/home/omoruyiatekha/interbotix_ws/install/interbotix_perception_modules:/home/omoruyiatekha/interbotix_ws/install/interbotix_common_modules:/opt/ros/galactic /usr/bin/cmake --install /home/omoruyiatekha/autonomy_ws/src/build/move_without_obstacle
[1.027s] -- Install configuration: ""
[1.027s] -- Installing: /home/omoruyiatekha/autonomy_ws/src/install/move_without_obstacle/share/ament_index/resource_index/package_run_dependencies/move_without_obstacle
[1.027s] -- Installing: /home/omoruyiatekha/autonomy_ws/src/install/move_without_obstacle/share/ament_index/resource_index/parent_prefix_path/move_without_obstacle
[1.028s] -- Installing: /home/omoruyiatekha/autonomy_ws/src/install/move_without_obstacle/share/move_without_obstacle/environment/ament_prefix_path.sh
[1.028s] -- Installing: /home/omoruyiatekha/autonomy_ws/src/install/move_without_obstacle/share/move_without_obstacle/environment/ament_prefix_path.dsv
[1.028s] -- Installing: /home/omoruyiatekha/autonomy_ws/src/install/move_without_obstacle/share/move_without_obstacle/environment/path.sh
[1.029s] -- Installing: /home/omoruyiatekha/autonomy_ws/src/install/move_without_obstacle/share/move_without_obstacle/environment/path.dsv
[1.029s] -- Installing: /home/omoruyiatekha/autonomy_ws/src/install/move_without_obstacle/share/move_without_obstacle/local_setup.bash
[1.029s] -- Installing: /home/omoruyiatekha/autonomy_ws/src/install/move_without_obstacle/share/move_without_obstacle/local_setup.sh
[1.029s] -- Installing: /home/omoruyiatekha/autonomy_ws/src/install/move_without_obstacle/share/move_without_obstacle/local_setup.zsh
[1.030s] -- Installing: /home/omoruyiatekha/autonomy_ws/src/install/move_without_obstacle/share/move_without_obstacle/local_setup.dsv
[1.030s] -- Installing: /home/omoruyiatekha/autonomy_ws/src/install/move_without_obstacle/share/move_without_obstacle/package.dsv
[1.030s] -- Installing: /home/omoruyiatekha/autonomy_ws/src/install/move_without_obstacle/share/ament_index/resource_index/packages/move_without_obstacle
[1.030s] -- Installing: /home/omoruyiatekha/autonomy_ws/src/install/move_without_obstacle/share/move_without_obstacle/cmake/move_without_obstacleConfig.cmake
[1.031s] -- Installing: /home/omoruyiatekha/autonomy_ws/src/install/move_without_obstacle/share/move_without_obstacle/cmake/move_without_obstacleConfig-version.cmake
[1.031s] -- Installing: /home/omoruyiatekha/autonomy_ws/src/install/move_without_obstacle/share/move_without_obstacle/package.xml
[1.032s] Invoked command in '/home/omoruyiatekha/autonomy_ws/src/build/move_without_obstacle' returned '0': CMAKE_PREFIX_PATH=${CMAKE_PREFIX_PATH}:/home/omoruyiatekha/interbotix_ws/install/interbotix_xs_modules:/home/omoruyiatekha/interbotix_ws/install/interbotix_perception_modules:/home/omoruyiatekha/interbotix_ws/install/interbotix_common_modules:/opt/ros/galactic /usr/bin/cmake --install /home/omoruyiatekha/autonomy_ws/src/build/move_without_obstacle
