[0.313s] Invoking command in '/home/omoruyiatekha/autonomy_ws/src/build/move_arms': /usr/bin/cmake /home/omoruyiatekha/autonomy_ws/src/move_arms -DCMAKE_INSTALL_PREFIX=/home/omoruyiatekha/autonomy_ws/src/install/move_arms
[0.327s] -- Found ament_cmake: 1.1.6 (/opt/ros/galactic/share/ament_cmake/cmake)
[0.351s] -- Using PYTHON_EXECUTABLE: /usr/bin/python3
[0.434s] -- Found rclcpp: 9.2.2 (/opt/ros/galactic/share/rclcpp/cmake)
[0.472s] -- Using all available rosidl_typesupport_c: rosidl_typesupport_fastrtps_c;rosidl_typesupport_introspection_c
[0.477s] -- Found rosidl_adapter: 2.2.3 (/opt/ros/galactic/share/rosidl_adapter/cmake)
[0.580s] -- Using all available rosidl_typesupport_cpp: rosidl_typesupport_fastrtps_cpp;rosidl_typesupport_introspection_cpp
[0.628s] -- Found rmw_implementation_cmake: 3.3.1 (/opt/ros/galactic/share/rmw_implementation_cmake/cmake)
[0.632s] -- Found rmw_fastrtps_cpp: 5.0.2 (/opt/ros/galactic/share/rmw_fastrtps_cpp/cmake)
[0.734s] -- Using RMW implementation 'rmw_fastrtps_cpp' as default
[0.895s] -- Found ament_lint_auto: 0.10.7 (/opt/ros/galactic/share/ament_lint_auto/cmake)
[0.949s] Error parsing '/home/omoruyiatekha/autonomy_ws/src/move_arms/package.xml':
[1.177s] Traceback (most recent call last):
[1.177s]   File "/opt/ros/galactic/share/ament_cmake_core/cmake/core/package_xml_2_cmake.py", line 151, in <module>
[1.177s]     main()
[1.177s]   File "/opt/ros/galactic/share/ament_cmake_core/cmake/core/package_xml_2_cmake.py", line 54, in main
[1.177s]     raise e
[1.178s]   File "/opt/ros/galactic/share/ament_cmake_core/cmake/core/package_xml_2_cmake.py", line 50, in main
[1.178s]     package = parse_package_string(
[1.178s]   File "/usr/local/lib/python3.8/dist-packages/catkin_pkg/package.py", line 786, in parse_package_string
[1.178s]     raise InvalidPackage('Error(s):%s' % (''.join(['\n- %s' % e for e in errors])), filename)
[1.178s] catkin_pkg.package.InvalidPackage: Error(s) in package '/home/omoruyiatekha/autonomy_ws/src/move_arms/package.xml':
[1.178s] Error(s):
[1.178s] - The generic dependency on 'nav_msgs' is redundant with: build_depend, build_export_depend, exec_depend
[1.230s] CMake Error at /opt/ros/galactic/share/ament_cmake_core/cmake/core/ament_package_xml.cmake:94 (message):
[1.235s]   execute_process(/usr/bin/python3
[1.238s]   /opt/ros/galactic/share/ament_cmake_core/cmake/core/package_xml_2_cmake.py
[1.238s]   /home/omoruyiatekha/autonomy_ws/src/move_arms/package.xml
[1.238s]   /home/omoruyiatekha/autonomy_ws/src/build/move_arms/ament_cmake_core/package.cmake)
[1.239s]   returned error code 1
[1.239s] Call Stack (most recent call first):
[1.239s]   /opt/ros/galactic/share/ament_cmake_core/cmake/core/ament_package_xml.cmake:49 (_ament_package_xml)
[1.243s]   /opt/ros/galactic/share/ament_lint_auto/cmake/ament_lint_auto_find_test_dependencies.cmake:31 (ament_package_xml)
[1.244s]   CMakeLists.txt:24 (ament_lint_auto_find_test_dependencies)
[1.244s] 
[1.244s] 
[1.244s] -- Configuring incomplete, errors occurred!
[1.244s] See also "/home/omoruyiatekha/autonomy_ws/src/build/move_arms/CMakeFiles/CMakeOutput.log".
[1.244s] See also "/home/omoruyiatekha/autonomy_ws/src/build/move_arms/CMakeFiles/CMakeError.log".
[1.263s] Invoked command in '/home/omoruyiatekha/autonomy_ws/src/build/move_arms' returned '1': /usr/bin/cmake /home/omoruyiatekha/autonomy_ws/src/move_arms -DCMAKE_INSTALL_PREFIX=/home/omoruyiatekha/autonomy_ws/src/install/move_arms
