Error parsing '/home/omoruyiatekha/autonomy_ws/src/move_arms/package.xml':
Traceback (most recent call last):
  File "/usr/local/lib/python3.8/dist-packages/catkin_pkg/package.py", line 610, in parse_package_string
    root = dom.parseString(data)
  File "/usr/lib/python3.8/xml/dom/minidom.py", line 1969, in parseString
    return expatbuilder.parseString(string)
  File "/usr/lib/python3.8/xml/dom/expatbuilder.py", line 925, in parseString
    return builder.parseString(string)
  File "/usr/lib/python3.8/xml/dom/expatbuilder.py", line 223, in parseString
    parser.Parse(string, True)
xml.parsers.expat.ExpatError: not well-formed (invalid token): line 1, column 1

During handling of the above exception, another exception occurred:

Traceback (most recent call last):
  File "/opt/ros/galactic/share/ament_cmake_core/cmake/core/package_xml_2_cmake.py", line 151, in <module>
    main()
  File "/opt/ros/galactic/share/ament_cmake_core/cmake/core/package_xml_2_cmake.py", line 54, in main
    raise e
  File "/opt/ros/galactic/share/ament_cmake_core/cmake/core/package_xml_2_cmake.py", line 50, in main
    package = parse_package_string(
  File "/usr/local/lib/python3.8/dist-packages/catkin_pkg/package.py", line 612, in parse_package_string
    raise InvalidPackage('The manifest contains invalid XML:\n%s' % ex, filename)
catkin_pkg.package.InvalidPackage: Error(s) in package '/home/omoruyiatekha/autonomy_ws/src/move_arms/package.xml':
The manifest contains invalid XML:
not well-formed (invalid token): line 1, column 1
CMake Error at /opt/ros/galactic/share/ament_cmake_core/cmake/core/ament_package_xml.cmake:94 (message):
  execute_process(/usr/bin/python3
  /opt/ros/galactic/share/ament_cmake_core/cmake/core/package_xml_2_cmake.py
  /home/omoruyiatekha/autonomy_ws/src/move_arms/package.xml
  /home/omoruyiatekha/autonomy_ws/src/build/move_arms/ament_cmake_core/package.cmake)
  returned error code 1
Call Stack (most recent call first):
  /opt/ros/galactic/share/ament_cmake_core/cmake/core/ament_package_xml.cmake:49 (_ament_package_xml)
  /opt/ros/galactic/share/ament_lint_auto/cmake/ament_lint_auto_find_test_dependencies.cmake:31 (ament_package_xml)
  CMakeLists.txt:24 (ament_lint_auto_find_test_dependencies)


