[0.287s] Invoking command in '/home/omoruyiatekha/autonomy_ws/src/build/move_arms': CMAKE_PREFIX_PATH=${CMAKE_PREFIX_PATH}:/home/omoruyiatekha/interbotix_ws/install/interbotix_xs_modules:/home/omoruyiatekha/interbotix_ws/install/interbotix_perception_modules:/home/omoruyiatekha/interbotix_ws/install/interbotix_common_modules:/opt/ros/galactic /usr/bin/cmake /home/omoruyiatekha/autonomy_ws/src/move_arms -DCMAKE_INSTALL_PREFIX=/home/omoruyiatekha/autonomy_ws/src/install/move_arms
[0.301s] -- Found ament_cmake: 1.1.6 (/opt/ros/galactic/share/ament_cmake/cmake)
[0.320s] -- Using PYTHON_EXECUTABLE: /usr/bin/python3
[0.382s] -- Found rclcpp: 9.2.2 (/opt/ros/galactic/share/rclcpp/cmake)
[0.415s] -- Using all available rosidl_typesupport_c: rosidl_typesupport_fastrtps_c;rosidl_typesupport_introspection_c
[0.418s] -- Found rosidl_adapter: 2.2.3 (/opt/ros/galactic/share/rosidl_adapter/cmake)
[0.525s] -- Using all available rosidl_typesupport_cpp: rosidl_typesupport_fastrtps_cpp;rosidl_typesupport_introspection_cpp
[0.571s] -- Found rmw_implementation_cmake: 3.3.1 (/opt/ros/galactic/share/rmw_implementation_cmake/cmake)
[0.574s] -- Found rmw_fastrtps_cpp: 5.0.2 (/opt/ros/galactic/share/rmw_fastrtps_cpp/cmake)
[0.674s] -- Using RMW implementation 'rmw_fastrtps_cpp' as default
[0.828s] -- Found ament_lint_auto: 0.10.7 (/opt/ros/galactic/share/ament_lint_auto/cmake)
[0.920s] -- Added test 'copyright' to check source files copyright and LICENSE
[0.921s] -- Added test 'flake8' to check Python code syntax and style conventions
[0.922s] -- Added test 'lint_cmake' to check CMake code style
[0.923s] -- Added test 'pep257' to check Python code against some of the style conventions in PEP 257
[0.923s] -- Added test 'xmllint' to check XML markup files
[0.926s] -- Configuring done
[0.928s] -- Generating done
[0.929s] -- Build files have been written to: /home/omoruyiatekha/autonomy_ws/src/build/move_arms
[1.044s] Invoked command in '/home/omoruyiatekha/autonomy_ws/src/build/move_arms' returned '0': CMAKE_PREFIX_PATH=${CMAKE_PREFIX_PATH}:/home/omoruyiatekha/interbotix_ws/install/interbotix_xs_modules:/home/omoruyiatekha/interbotix_ws/install/interbotix_perception_modules:/home/omoruyiatekha/interbotix_ws/install/interbotix_common_modules:/opt/ros/galactic /usr/bin/cmake /home/omoruyiatekha/autonomy_ws/src/move_arms -DCMAKE_INSTALL_PREFIX=/home/omoruyiatekha/autonomy_ws/src/install/move_arms
[1.045s] Invoking command in '/home/omoruyiatekha/autonomy_ws/src/build/move_arms': CMAKE_PREFIX_PATH=${CMAKE_PREFIX_PATH}:/home/omoruyiatekha/interbotix_ws/install/interbotix_xs_modules:/home/omoruyiatekha/interbotix_ws/install/interbotix_perception_modules:/home/omoruyiatekha/interbotix_ws/install/interbotix_common_modules:/opt/ros/galactic /usr/bin/cmake --build /home/omoruyiatekha/autonomy_ws/src/build/move_arms -- -j2 -l2
[1.095s] Invoked command in '/home/omoruyiatekha/autonomy_ws/src/build/move_arms' returned '0': CMAKE_PREFIX_PATH=${CMAKE_PREFIX_PATH}:/home/omoruyiatekha/interbotix_ws/install/interbotix_xs_modules:/home/omoruyiatekha/interbotix_ws/install/interbotix_perception_modules:/home/omoruyiatekha/interbotix_ws/install/interbotix_common_modules:/opt/ros/galactic /usr/bin/cmake --build /home/omoruyiatekha/autonomy_ws/src/build/move_arms -- -j2 -l2
[1.120s] Invoking command in '/home/omoruyiatekha/autonomy_ws/src/build/move_arms': CMAKE_PREFIX_PATH=${CMAKE_PREFIX_PATH}:/home/omoruyiatekha/interbotix_ws/install/interbotix_xs_modules:/home/omoruyiatekha/interbotix_ws/install/interbotix_perception_modules:/home/omoruyiatekha/interbotix_ws/install/interbotix_common_modules:/opt/ros/galactic /usr/bin/cmake --install /home/omoruyiatekha/autonomy_ws/src/build/move_arms
[1.128s] -- Install configuration: ""
[1.128s] -- Installing: /home/omoruyiatekha/autonomy_ws/src/install/move_arms/lib/move_arms/send_endeffector_node.py
[1.128s] -- Installing: /home/omoruyiatekha/autonomy_ws/src/install/move_arms/share/ament_index/resource_index/package_run_dependencies/move_arms
[1.128s] -- Installing: /home/omoruyiatekha/autonomy_ws/src/install/move_arms/share/ament_index/resource_index/parent_prefix_path/move_arms
[1.129s] -- Installing: /home/omoruyiatekha/autonomy_ws/src/install/move_arms/share/move_arms/environment/ament_prefix_path.sh
[1.129s] -- Installing: /home/omoruyiatekha/autonomy_ws/src/install/move_arms/share/move_arms/environment/ament_prefix_path.dsv
[1.129s] -- Installing: /home/omoruyiatekha/autonomy_ws/src/install/move_arms/share/move_arms/environment/path.sh
[1.129s] -- Installing: /home/omoruyiatekha/autonomy_ws/src/install/move_arms/share/move_arms/environment/path.dsv
[1.129s] -- Installing: /home/omoruyiatekha/autonomy_ws/src/install/move_arms/share/move_arms/local_setup.bash
[1.129s] -- Installing: /home/omoruyiatekha/autonomy_ws/src/install/move_arms/share/move_arms/local_setup.sh
[1.129s] -- Installing: /home/omoruyiatekha/autonomy_ws/src/install/move_arms/share/move_arms/local_setup.zsh
[1.130s] -- Installing: /home/omoruyiatekha/autonomy_ws/src/install/move_arms/share/move_arms/local_setup.dsv
[1.130s] -- Installing: /home/omoruyiatekha/autonomy_ws/src/install/move_arms/share/move_arms/package.dsv
[1.130s] -- Installing: /home/omoruyiatekha/autonomy_ws/src/install/move_arms/share/ament_index/resource_index/packages/move_arms
[1.130s] -- Installing: /home/omoruyiatekha/autonomy_ws/src/install/move_arms/share/move_arms/cmake/move_armsConfig.cmake
[1.130s] -- Installing: /home/omoruyiatekha/autonomy_ws/src/install/move_arms/share/move_arms/cmake/move_armsConfig-version.cmake
[1.131s] -- Installing: /home/omoruyiatekha/autonomy_ws/src/install/move_arms/share/move_arms/package.xml
[1.134s] Invoked command in '/home/omoruyiatekha/autonomy_ws/src/build/move_arms' returned '0': CMAKE_PREFIX_PATH=${CMAKE_PREFIX_PATH}:/home/omoruyiatekha/interbotix_ws/install/interbotix_xs_modules:/home/omoruyiatekha/interbotix_ws/install/interbotix_perception_modules:/home/omoruyiatekha/interbotix_ws/install/interbotix_common_modules:/opt/ros/galactic /usr/bin/cmake --install /home/omoruyiatekha/autonomy_ws/src/build/move_arms
