[0.306s] Invoking command in '/home/omoruyiatekha/autonomy_ws/src/build/locobot_move': CMAKE_PREFIX_PATH=${CMAKE_PREFIX_PATH}:/home/omoruyiatekha/interbotix_ws/install/interbotix_xs_modules:/home/omoruyiatekha/interbotix_ws/install/interbotix_perception_modules:/home/omoruyiatekha/interbotix_ws/install/interbotix_common_modules:/opt/ros/galactic /usr/bin/cmake --build /home/omoruyiatekha/autonomy_ws/src/build/locobot_move -- -j2 -l2
[0.395s] Invoked command in '/home/omoruyiatekha/autonomy_ws/src/build/locobot_move' returned '0': CMAKE_PREFIX_PATH=${CMAKE_PREFIX_PATH}:/home/omoruyiatekha/interbotix_ws/install/interbotix_xs_modules:/home/omoruyiatekha/interbotix_ws/install/interbotix_perception_modules:/home/omoruyiatekha/interbotix_ws/install/interbotix_common_modules:/opt/ros/galactic /usr/bin/cmake --build /home/omoruyiatekha/autonomy_ws/src/build/locobot_move -- -j2 -l2
[0.439s] Invoking command in '/home/omoruyiatekha/autonomy_ws/src/build/locobot_move': CMAKE_PREFIX_PATH=${CMAKE_PREFIX_PATH}:/home/omoruyiatekha/interbotix_ws/install/interbotix_xs_modules:/home/omoruyiatekha/interbotix_ws/install/interbotix_perception_modules:/home/omoruyiatekha/interbotix_ws/install/interbotix_common_modules:/opt/ros/galactic /usr/bin/cmake --install /home/omoruyiatekha/autonomy_ws/src/build/locobot_move
[0.453s] -- Install configuration: ""
[0.454s] -- Installing: /home/omoruyiatekha/autonomy_ws/src/install/locobot_move/lib/locobot_move/send_velocity_node.py
[0.454s] -- Up-to-date: /home/omoruyiatekha/autonomy_ws/src/install/locobot_move/share/ament_index/resource_index/package_run_dependencies/locobot_move
[0.454s] -- Up-to-date: /home/omoruyiatekha/autonomy_ws/src/install/locobot_move/share/ament_index/resource_index/parent_prefix_path/locobot_move
[0.455s] -- Up-to-date: /home/omoruyiatekha/autonomy_ws/src/install/locobot_move/share/locobot_move/environment/ament_prefix_path.sh
[0.455s] -- Up-to-date: /home/omoruyiatekha/autonomy_ws/src/install/locobot_move/share/locobot_move/environment/ament_prefix_path.dsv
[0.455s] -- Up-to-date: /home/omoruyiatekha/autonomy_ws/src/install/locobot_move/share/locobot_move/environment/path.sh
[0.455s] -- Up-to-date: /home/omoruyiatekha/autonomy_ws/src/install/locobot_move/share/locobot_move/environment/path.dsv
[0.456s] -- Up-to-date: /home/omoruyiatekha/autonomy_ws/src/install/locobot_move/share/locobot_move/local_setup.bash
[0.456s] -- Up-to-date: /home/omoruyiatekha/autonomy_ws/src/install/locobot_move/share/locobot_move/local_setup.sh
[0.456s] -- Up-to-date: /home/omoruyiatekha/autonomy_ws/src/install/locobot_move/share/locobot_move/local_setup.zsh
[0.456s] -- Up-to-date: /home/omoruyiatekha/autonomy_ws/src/install/locobot_move/share/locobot_move/local_setup.dsv
[0.456s] -- Up-to-date: /home/omoruyiatekha/autonomy_ws/src/install/locobot_move/share/locobot_move/package.dsv
[0.456s] -- Up-to-date: /home/omoruyiatekha/autonomy_ws/src/install/locobot_move/share/ament_index/resource_index/packages/locobot_move
[0.457s] -- Up-to-date: /home/omoruyiatekha/autonomy_ws/src/install/locobot_move/share/locobot_move/cmake/locobot_moveConfig.cmake
[0.457s] -- Up-to-date: /home/omoruyiatekha/autonomy_ws/src/install/locobot_move/share/locobot_move/cmake/locobot_moveConfig-version.cmake
[0.457s] -- Up-to-date: /home/omoruyiatekha/autonomy_ws/src/install/locobot_move/share/locobot_move/package.xml
[0.460s] Invoked command in '/home/omoruyiatekha/autonomy_ws/src/build/locobot_move' returned '0': CMAKE_PREFIX_PATH=${CMAKE_PREFIX_PATH}:/home/omoruyiatekha/interbotix_ws/install/interbotix_xs_modules:/home/omoruyiatekha/interbotix_ws/install/interbotix_perception_modules:/home/omoruyiatekha/interbotix_ws/install/interbotix_common_modules:/opt/ros/galactic /usr/bin/cmake --install /home/omoruyiatekha/autonomy_ws/src/build/locobot_move
