[2.457s] DEBUG:colcon:Command line arguments: ['/usr/bin/colcon', 'build']
[2.457s] DEBUG:colcon:Parsed command line arguments: Namespace(allow_overriding=[], ament_cmake_args=None, base_paths=['.'], build_base='build', catkin_cmake_args=None, catkin_skip_building_tests=False, cmake_args=None, cmake_clean_cache=False, cmake_clean_first=False, cmake_force_configure=False, cmake_target=None, cmake_target_skip_unavailable=False, continue_on_error=False, event_handlers=None, executor='parallel', ignore_user_meta=False, install_base='install', log_base=None, log_level=None, main=<bound method BuildVerb.main of <colcon_core.verb.build.BuildVerb object at 0x7fdcc29a79d0>>, merge_install=False, metas=['./colcon.meta'], packages_above=None, packages_above_and_dependencies=None, packages_above_depth=None, packages_end=None, packages_ignore=None, packages_ignore_regex=None, packages_select=None, packages_select_build_failed=False, packages_select_by_dep=None, packages_select_regex=None, packages_select_test_failures=False, packages_skip=None, packages_skip_build_finished=False, packages_skip_by_dep=None, packages_skip_regex=None, packages_skip_test_passed=False, packages_skip_up_to=None, packages_start=None, packages_up_to=None, packages_up_to_regex=None, parallel_workers=2, paths=None, symlink_install=False, test_result_base=None, verb_extension=<colcon_core.verb.build.BuildVerb object at 0x7fdcc29a79d0>, verb_name='build', verb_parser=<colcon_defaults.argument_parser.defaults.DefaultArgumentsDecorator object at 0x7fdcc25c1430>)
[2.555s] Level 1:colcon.colcon_core.package_discovery:discover_packages(colcon_meta) check parameters
[2.555s] Level 1:colcon.colcon_core.package_discovery:discover_packages(recursive) check parameters
[2.555s] Level 1:colcon.colcon_core.package_discovery:discover_packages(ignore) check parameters
[2.555s] Level 1:colcon.colcon_core.package_discovery:discover_packages(path) check parameters
[2.555s] Level 1:colcon.colcon_core.package_discovery:discover_packages(colcon_meta) discover
[2.555s] Level 1:colcon.colcon_core.package_discovery:discover_packages(recursive) discover
[2.555s] INFO:colcon.colcon_core.package_discovery:Crawling recursively for packages in '/home/omoruyiatekha/autonomy_ws/src'
[2.555s] Level 1:colcon.colcon_core.package_identification:_identify(.) by extensions ['ignore', 'ignore_ament_install']
[2.555s] Level 1:colcon.colcon_core.package_identification:_identify(.) by extension 'ignore'
[2.555s] Level 1:colcon.colcon_core.package_identification:_identify(.) by extension 'ignore_ament_install'
[2.555s] Level 1:colcon.colcon_core.package_identification:_identify(.) by extensions ['colcon_pkg']
[2.555s] Level 1:colcon.colcon_core.package_identification:_identify(.) by extension 'colcon_pkg'
[2.556s] Level 1:colcon.colcon_core.package_identification:_identify(.) by extensions ['colcon_meta']
[2.556s] Level 1:colcon.colcon_core.package_identification:_identify(.) by extension 'colcon_meta'
[2.556s] Level 1:colcon.colcon_core.package_identification:_identify(.) by extensions ['ros']
[2.556s] Level 1:colcon.colcon_core.package_identification:_identify(.) by extension 'ros'
[2.564s] Level 1:colcon.colcon_core.package_identification:_identify(.) by extensions ['cmake', 'python']
[2.564s] Level 1:colcon.colcon_core.package_identification:_identify(.) by extension 'cmake'
[2.564s] Level 1:colcon.colcon_core.package_identification:_identify(.) by extension 'python'
[2.564s] Level 1:colcon.colcon_core.package_identification:_identify(.) by extensions ['python_setup_py']
[2.564s] Level 1:colcon.colcon_core.package_identification:_identify(.) by extension 'python_setup_py'
[2.564s] Level 1:colcon.colcon_core.package_identification:_identify(build) by extensions ['ignore', 'ignore_ament_install']
[2.564s] Level 1:colcon.colcon_core.package_identification:_identify(build) by extension 'ignore'
[2.564s] Level 1:colcon.colcon_core.package_identification:_identify(build) ignored
[2.564s] Level 1:colcon.colcon_core.package_identification:_identify(install) by extensions ['ignore', 'ignore_ament_install']
[2.564s] Level 1:colcon.colcon_core.package_identification:_identify(install) by extension 'ignore'
[2.565s] Level 1:colcon.colcon_core.package_identification:_identify(install) ignored
[2.565s] Level 1:colcon.colcon_core.package_identification:_identify(locobot_move) by extensions ['ignore', 'ignore_ament_install']
[2.565s] Level 1:colcon.colcon_core.package_identification:_identify(locobot_move) by extension 'ignore'
[2.565s] Level 1:colcon.colcon_core.package_identification:_identify(locobot_move) by extension 'ignore_ament_install'
[2.565s] Level 1:colcon.colcon_core.package_identification:_identify(locobot_move) by extensions ['colcon_pkg']
[2.565s] Level 1:colcon.colcon_core.package_identification:_identify(locobot_move) by extension 'colcon_pkg'
[2.565s] Level 1:colcon.colcon_core.package_identification:_identify(locobot_move) by extensions ['colcon_meta']
[2.565s] Level 1:colcon.colcon_core.package_identification:_identify(locobot_move) by extension 'colcon_meta'
[2.565s] Level 1:colcon.colcon_core.package_identification:_identify(locobot_move) by extensions ['ros']
[2.565s] Level 1:colcon.colcon_core.package_identification:_identify(locobot_move) by extension 'ros'
[2.567s] DEBUG:colcon.colcon_core.package_identification:Package 'locobot_move' with type 'ros.ament_cmake' and name 'locobot_move'
[2.567s] Level 1:colcon.colcon_core.package_identification:_identify(log) by extensions ['ignore', 'ignore_ament_install']
[2.567s] Level 1:colcon.colcon_core.package_identification:_identify(log) by extension 'ignore'
[2.567s] Level 1:colcon.colcon_core.package_identification:_identify(log) ignored
[2.567s] Level 1:colcon.colcon_core.package_identification:_identify(move_arms) by extensions ['ignore', 'ignore_ament_install']
[2.567s] Level 1:colcon.colcon_core.package_identification:_identify(move_arms) by extension 'ignore'
[2.567s] Level 1:colcon.colcon_core.package_identification:_identify(move_arms) by extension 'ignore_ament_install'
[2.567s] Level 1:colcon.colcon_core.package_identification:_identify(move_arms) by extensions ['colcon_pkg']
[2.567s] Level 1:colcon.colcon_core.package_identification:_identify(move_arms) by extension 'colcon_pkg'
[2.567s] Level 1:colcon.colcon_core.package_identification:_identify(move_arms) by extensions ['colcon_meta']
[2.567s] Level 1:colcon.colcon_core.package_identification:_identify(move_arms) by extension 'colcon_meta'
[2.567s] Level 1:colcon.colcon_core.package_identification:_identify(move_arms) by extensions ['ros']
[2.568s] Level 1:colcon.colcon_core.package_identification:_identify(move_arms) by extension 'ros'
[2.569s] DEBUG:colcon.colcon_core.package_identification:Found ROS schema reference in package manifest in 'move_arms'
[2.569s] WARNING:colcon.colcon_core.package_identification:Failed to parse ROS package manifest in 'move_arms': Error(s) in package 'move_arms/package.xml':
Error(s):
- The generic dependency on 'nav_msgs' is redundant with: build_depend, build_export_depend, exec_depend
[2.570s] Level 1:colcon.colcon_core.package_identification:_identify(move_arms) by extensions ['cmake', 'python']
[2.570s] Level 1:colcon.colcon_core.package_identification:_identify(move_arms) by extension 'cmake'
[2.571s] Level 1:colcon.colcon_core.package_identification:_identify(move_arms) by extension 'python'
[2.571s] DEBUG:colcon.colcon_core.package_identification:Package 'move_arms' with type 'cmake' and name 'move_arms'
[2.571s] Level 1:colcon.colcon_core.package_identification:_identify(move_without_obstacle) by extensions ['ignore', 'ignore_ament_install']
[2.571s] Level 1:colcon.colcon_core.package_identification:_identify(move_without_obstacle) by extension 'ignore'
[2.571s] Level 1:colcon.colcon_core.package_identification:_identify(move_without_obstacle) by extension 'ignore_ament_install'
[2.571s] Level 1:colcon.colcon_core.package_identification:_identify(move_without_obstacle) by extensions ['colcon_pkg']
[2.571s] Level 1:colcon.colcon_core.package_identification:_identify(move_without_obstacle) by extension 'colcon_pkg'
[2.571s] Level 1:colcon.colcon_core.package_identification:_identify(move_without_obstacle) by extensions ['colcon_meta']
[2.571s] Level 1:colcon.colcon_core.package_identification:_identify(move_without_obstacle) by extension 'colcon_meta'
[2.571s] Level 1:colcon.colcon_core.package_identification:_identify(move_without_obstacle) by extensions ['ros']
[2.571s] Level 1:colcon.colcon_core.package_identification:_identify(move_without_obstacle) by extension 'ros'
[2.571s] DEBUG:colcon.colcon_core.package_identification:Package 'move_without_obstacle' with type 'ros.ament_cmake' and name 'move_without_obstacle'
[2.572s] Level 1:colcon.colcon_core.package_discovery:discover_packages(recursive) using defaults
[2.572s] Level 1:colcon.colcon_core.package_discovery:discover_packages(ignore) discover
[2.572s] Level 1:colcon.colcon_core.package_discovery:discover_packages(ignore) using defaults
[2.572s] Level 1:colcon.colcon_core.package_discovery:discover_packages(path) discover
[2.572s] Level 1:colcon.colcon_core.package_discovery:discover_packages(path) using defaults
[2.807s] Level 1:colcon.colcon_core.package_discovery:discover_packages(prefix_path) check parameters
[2.808s] Level 1:colcon.colcon_core.package_discovery:discover_packages(prefix_path) discover
[2.891s] DEBUG:colcon.colcon_installed_package_information.package_discovery:Found 1 installed packages in /home/omoruyiatekha/autonomy_ws/install
[2.931s] DEBUG:colcon.colcon_installed_package_information.package_discovery:Found 1 installed packages in /home/omoruyiatekha/me326_ws/install
[2.973s] DEBUG:colcon.colcon_installed_package_information.package_discovery:Found 19 installed packages in /home/omoruyiatekha/interbotix_ws/install
[3.020s] DEBUG:colcon.colcon_installed_package_information.package_discovery:Found 369 installed packages in /opt/ros/galactic
[3.022s] Level 1:colcon.colcon_core.package_discovery:discover_packages(prefix_path) using defaults
[3.196s] Level 5:colcon.colcon_core.verb:set package 'locobot_move' build argument 'cmake_args' from command line to 'None'
[3.196s] Level 5:colcon.colcon_core.verb:set package 'locobot_move' build argument 'cmake_target' from command line to 'None'
[3.196s] Level 5:colcon.colcon_core.verb:set package 'locobot_move' build argument 'cmake_target_skip_unavailable' from command line to 'False'
[3.196s] Level 5:colcon.colcon_core.verb:set package 'locobot_move' build argument 'cmake_clean_cache' from command line to 'False'
[3.196s] Level 5:colcon.colcon_core.verb:set package 'locobot_move' build argument 'cmake_clean_first' from command line to 'False'
[3.196s] Level 5:colcon.colcon_core.verb:set package 'locobot_move' build argument 'cmake_force_configure' from command line to 'False'
[3.196s] Level 5:colcon.colcon_core.verb:set package 'locobot_move' build argument 'ament_cmake_args' from command line to 'None'
[3.196s] Level 5:colcon.colcon_core.verb:set package 'locobot_move' build argument 'catkin_cmake_args' from command line to 'None'
[3.196s] Level 5:colcon.colcon_core.verb:set package 'locobot_move' build argument 'catkin_skip_building_tests' from command line to 'False'
[3.196s] DEBUG:colcon.colcon_core.verb:Building package 'locobot_move' with the following arguments: {'ament_cmake_args': None, 'build_base': '/home/omoruyiatekha/autonomy_ws/src/build/locobot_move', 'catkin_cmake_args': None, 'catkin_skip_building_tests': False, 'cmake_args': None, 'cmake_clean_cache': False, 'cmake_clean_first': False, 'cmake_force_configure': False, 'cmake_target': None, 'cmake_target_skip_unavailable': False, 'install_base': '/home/omoruyiatekha/autonomy_ws/src/install/locobot_move', 'merge_install': False, 'path': '/home/omoruyiatekha/autonomy_ws/src/locobot_move', 'symlink_install': False, 'test_result_base': None}
[3.237s] Level 5:colcon.colcon_core.verb:set package 'move_arms' build argument 'cmake_args' from command line to 'None'
[3.237s] Level 5:colcon.colcon_core.verb:set package 'move_arms' build argument 'cmake_target' from command line to 'None'
[3.237s] Level 5:colcon.colcon_core.verb:set package 'move_arms' build argument 'cmake_target_skip_unavailable' from command line to 'False'
[3.237s] Level 5:colcon.colcon_core.verb:set package 'move_arms' build argument 'cmake_clean_cache' from command line to 'False'
[3.237s] Level 5:colcon.colcon_core.verb:set package 'move_arms' build argument 'cmake_clean_first' from command line to 'False'
[3.237s] Level 5:colcon.colcon_core.verb:set package 'move_arms' build argument 'cmake_force_configure' from command line to 'False'
[3.237s] Level 5:colcon.colcon_core.verb:set package 'move_arms' build argument 'ament_cmake_args' from command line to 'None'
[3.237s] Level 5:colcon.colcon_core.verb:set package 'move_arms' build argument 'catkin_cmake_args' from command line to 'None'
[3.237s] Level 5:colcon.colcon_core.verb:set package 'move_arms' build argument 'catkin_skip_building_tests' from command line to 'False'
[3.237s] DEBUG:colcon.colcon_core.verb:Building package 'move_arms' with the following arguments: {'ament_cmake_args': None, 'build_base': '/home/omoruyiatekha/autonomy_ws/src/build/move_arms', 'catkin_cmake_args': None, 'catkin_skip_building_tests': False, 'cmake_args': None, 'cmake_clean_cache': False, 'cmake_clean_first': False, 'cmake_force_configure': False, 'cmake_target': None, 'cmake_target_skip_unavailable': False, 'install_base': '/home/omoruyiatekha/autonomy_ws/src/install/move_arms', 'merge_install': False, 'path': '/home/omoruyiatekha/autonomy_ws/src/move_arms', 'symlink_install': False, 'test_result_base': None}
[3.280s] Level 5:colcon.colcon_core.verb:set package 'move_without_obstacle' build argument 'cmake_args' from command line to 'None'
[3.280s] Level 5:colcon.colcon_core.verb:set package 'move_without_obstacle' build argument 'cmake_target' from command line to 'None'
[3.280s] Level 5:colcon.colcon_core.verb:set package 'move_without_obstacle' build argument 'cmake_target_skip_unavailable' from command line to 'False'
[3.280s] Level 5:colcon.colcon_core.verb:set package 'move_without_obstacle' build argument 'cmake_clean_cache' from command line to 'False'
[3.280s] Level 5:colcon.colcon_core.verb:set package 'move_without_obstacle' build argument 'cmake_clean_first' from command line to 'False'
[3.280s] Level 5:colcon.colcon_core.verb:set package 'move_without_obstacle' build argument 'cmake_force_configure' from command line to 'False'
[3.280s] Level 5:colcon.colcon_core.verb:set package 'move_without_obstacle' build argument 'ament_cmake_args' from command line to 'None'
[3.281s] Level 5:colcon.colcon_core.verb:set package 'move_without_obstacle' build argument 'catkin_cmake_args' from command line to 'None'
[3.281s] Level 5:colcon.colcon_core.verb:set package 'move_without_obstacle' build argument 'catkin_skip_building_tests' from command line to 'False'
[3.281s] DEBUG:colcon.colcon_core.verb:Building package 'move_without_obstacle' with the following arguments: {'ament_cmake_args': None, 'build_base': '/home/omoruyiatekha/autonomy_ws/src/build/move_without_obstacle', 'catkin_cmake_args': None, 'catkin_skip_building_tests': False, 'cmake_args': None, 'cmake_clean_cache': False, 'cmake_clean_first': False, 'cmake_force_configure': False, 'cmake_target': None, 'cmake_target_skip_unavailable': False, 'install_base': '/home/omoruyiatekha/autonomy_ws/src/install/move_without_obstacle', 'merge_install': False, 'path': '/home/omoruyiatekha/autonomy_ws/src/move_without_obstacle', 'symlink_install': False, 'test_result_base': None}
[3.322s] INFO:colcon.colcon_core.executor:Executing jobs using 'parallel' executor
[3.364s] DEBUG:colcon.colcon_parallel_executor.executor.parallel:run_until_complete
[3.364s] INFO:colcon.colcon_ros.task.ament_cmake.build:Building ROS package in '/home/omoruyiatekha/autonomy_ws/src/locobot_move' with build type 'ament_cmake'
[3.364s] INFO:colcon.colcon_cmake.task.cmake.build:Building CMake package in '/home/omoruyiatekha/autonomy_ws/src/locobot_move'
[3.411s] INFO:colcon.colcon_core.plugin_system:Skipping extension 'colcon_core.shell.bat': Not used on non-Windows systems
[3.411s] INFO:colcon.colcon_core.shell:Skip shell extension 'powershell' for command environment: Not usable outside of PowerShell
[3.411s] DEBUG:colcon.colcon_core.shell:Skip shell extension 'dsv' for command environment
[3.640s] INFO:colcon.colcon_cmake.task.cmake.build:Building CMake package in '/home/omoruyiatekha/autonomy_ws/src/move_arms'
[3.688s] INFO:colcon.colcon_core.shell:Skip shell extension 'powershell' for command environment: Not usable outside of PowerShell
[3.688s] DEBUG:colcon.colcon_core.shell:Skip shell extension 'dsv' for command environment
[3.916s] DEBUG:colcon.colcon_core.event_handler.log_command:Invoking command in '/home/omoruyiatekha/autonomy_ws/src/build/locobot_move': CMAKE_PREFIX_PATH=${CMAKE_PREFIX_PATH}:/home/omoruyiatekha/interbotix_ws/install/interbotix_xs_modules:/home/omoruyiatekha/interbotix_ws/install/interbotix_perception_modules:/home/omoruyiatekha/interbotix_ws/install/interbotix_common_modules:/opt/ros/galactic /usr/bin/cmake --build /home/omoruyiatekha/autonomy_ws/src/build/locobot_move -- -j2 -l2
[3.928s] DEBUG:colcon.colcon_core.event_handler.log_command:Invoking command in '/home/omoruyiatekha/autonomy_ws/src/build/move_arms': /usr/bin/cmake /home/omoruyiatekha/autonomy_ws/src/move_arms -DCMAKE_INSTALL_PREFIX=/home/omoruyiatekha/autonomy_ws/src/install/move_arms
[3.961s] DEBUG:colcon.colcon_core.event_handler.log_command:Invoked command in '/home/omoruyiatekha/autonomy_ws/src/build/locobot_move' returned '0': CMAKE_PREFIX_PATH=${CMAKE_PREFIX_PATH}:/home/omoruyiatekha/interbotix_ws/install/interbotix_xs_modules:/home/omoruyiatekha/interbotix_ws/install/interbotix_perception_modules:/home/omoruyiatekha/interbotix_ws/install/interbotix_common_modules:/opt/ros/galactic /usr/bin/cmake --build /home/omoruyiatekha/autonomy_ws/src/build/locobot_move -- -j2 -l2
[3.996s] DEBUG:colcon.colcon_core.event_handler.log_command:Invoking command in '/home/omoruyiatekha/autonomy_ws/src/build/locobot_move': CMAKE_PREFIX_PATH=${CMAKE_PREFIX_PATH}:/home/omoruyiatekha/interbotix_ws/install/interbotix_xs_modules:/home/omoruyiatekha/interbotix_ws/install/interbotix_perception_modules:/home/omoruyiatekha/interbotix_ws/install/interbotix_common_modules:/opt/ros/galactic /usr/bin/cmake --install /home/omoruyiatekha/autonomy_ws/src/build/locobot_move
[4.011s] Level 1:colcon.colcon_core.environment:create_environment_scripts_only(locobot_move)
[4.012s] DEBUG:colcon.colcon_core.event_handler.log_command:Invoked command in '/home/omoruyiatekha/autonomy_ws/src/build/locobot_move' returned '0': CMAKE_PREFIX_PATH=${CMAKE_PREFIX_PATH}:/home/omoruyiatekha/interbotix_ws/install/interbotix_xs_modules:/home/omoruyiatekha/interbotix_ws/install/interbotix_perception_modules:/home/omoruyiatekha/interbotix_ws/install/interbotix_common_modules:/opt/ros/galactic /usr/bin/cmake --install /home/omoruyiatekha/autonomy_ws/src/build/locobot_move
[4.064s] Level 1:colcon.colcon_core.environment:checking '/home/omoruyiatekha/autonomy_ws/src/install/locobot_move' for CMake module files
[4.064s] Level 1:colcon.colcon_core.environment:checking '/home/omoruyiatekha/autonomy_ws/src/install/locobot_move' for CMake config files
[4.064s] Level 1:colcon.colcon_core.shell:create_environment_hook('locobot_move', 'cmake_prefix_path')
[4.111s] INFO:colcon.colcon_core.shell:Creating environment hook '/home/omoruyiatekha/autonomy_ws/src/install/locobot_move/share/locobot_move/hook/cmake_prefix_path.ps1'
[4.112s] INFO:colcon.colcon_core.shell:Creating environment descriptor '/home/omoruyiatekha/autonomy_ws/src/install/locobot_move/share/locobot_move/hook/cmake_prefix_path.dsv'
[4.112s] INFO:colcon.colcon_core.shell:Creating environment hook '/home/omoruyiatekha/autonomy_ws/src/install/locobot_move/share/locobot_move/hook/cmake_prefix_path.sh'
[4.113s] Level 1:colcon.colcon_core.environment:checking '/home/omoruyiatekha/autonomy_ws/src/install/locobot_move/lib'
[4.114s] Level 1:colcon.colcon_core.environment:checking '/home/omoruyiatekha/autonomy_ws/src/install/locobot_move/bin'
[4.114s] Level 1:colcon.colcon_core.environment:checking '/home/omoruyiatekha/autonomy_ws/src/install/locobot_move/lib/pkgconfig/locobot_move.pc'
[4.114s] Level 1:colcon.colcon_core.environment:checking '/home/omoruyiatekha/autonomy_ws/src/install/locobot_move/lib/python3.8/site-packages'
[4.114s] Level 1:colcon.colcon_core.environment:checking '/home/omoruyiatekha/autonomy_ws/src/install/locobot_move/bin'
[4.161s] INFO:colcon.colcon_core.shell:Creating package script '/home/omoruyiatekha/autonomy_ws/src/install/locobot_move/share/locobot_move/package.ps1'
[4.161s] INFO:colcon.colcon_core.shell:Creating package descriptor '/home/omoruyiatekha/autonomy_ws/src/install/locobot_move/share/locobot_move/package.dsv'
[4.162s] INFO:colcon.colcon_core.shell:Creating package script '/home/omoruyiatekha/autonomy_ws/src/install/locobot_move/share/locobot_move/package.sh'
[4.162s] INFO:colcon.colcon_core.shell:Creating package script '/home/omoruyiatekha/autonomy_ws/src/install/locobot_move/share/locobot_move/package.bash'
[4.163s] INFO:colcon.colcon_core.shell:Creating package script '/home/omoruyiatekha/autonomy_ws/src/install/locobot_move/share/locobot_move/package.zsh'
[4.164s] Level 1:colcon.colcon_core.environment:create_file_with_runtime_dependencies(/home/omoruyiatekha/autonomy_ws/src/install/locobot_move/share/colcon-core/packages/locobot_move)
[4.246s] Level 1:colcon.colcon_core.environment:create_environment_scripts_only(locobot_move)
[4.291s] Level 1:colcon.colcon_core.environment:checking '/home/omoruyiatekha/autonomy_ws/src/install/locobot_move' for CMake module files
[4.292s] Level 1:colcon.colcon_core.environment:checking '/home/omoruyiatekha/autonomy_ws/src/install/locobot_move' for CMake config files
[4.292s] Level 1:colcon.colcon_core.shell:create_environment_hook('locobot_move', 'cmake_prefix_path')
[4.339s] INFO:colcon.colcon_core.shell:Creating environment hook '/home/omoruyiatekha/autonomy_ws/src/install/locobot_move/share/locobot_move/hook/cmake_prefix_path.ps1'
[4.340s] INFO:colcon.colcon_core.shell:Creating environment descriptor '/home/omoruyiatekha/autonomy_ws/src/install/locobot_move/share/locobot_move/hook/cmake_prefix_path.dsv'
[4.340s] INFO:colcon.colcon_core.shell:Creating environment hook '/home/omoruyiatekha/autonomy_ws/src/install/locobot_move/share/locobot_move/hook/cmake_prefix_path.sh'
[4.341s] Level 1:colcon.colcon_core.environment:checking '/home/omoruyiatekha/autonomy_ws/src/install/locobot_move/lib'
[4.341s] Level 1:colcon.colcon_core.environment:checking '/home/omoruyiatekha/autonomy_ws/src/install/locobot_move/bin'
[4.341s] Level 1:colcon.colcon_core.environment:checking '/home/omoruyiatekha/autonomy_ws/src/install/locobot_move/lib/pkgconfig/locobot_move.pc'
[4.341s] Level 1:colcon.colcon_core.environment:checking '/home/omoruyiatekha/autonomy_ws/src/install/locobot_move/lib/python3.8/site-packages'
[4.341s] Level 1:colcon.colcon_core.environment:checking '/home/omoruyiatekha/autonomy_ws/src/install/locobot_move/bin'
[4.384s] INFO:colcon.colcon_core.shell:Creating package script '/home/omoruyiatekha/autonomy_ws/src/install/locobot_move/share/locobot_move/package.ps1'
[4.385s] INFO:colcon.colcon_core.shell:Creating package descriptor '/home/omoruyiatekha/autonomy_ws/src/install/locobot_move/share/locobot_move/package.dsv'
[4.385s] INFO:colcon.colcon_core.shell:Creating package script '/home/omoruyiatekha/autonomy_ws/src/install/locobot_move/share/locobot_move/package.sh'
[4.386s] INFO:colcon.colcon_core.shell:Creating package script '/home/omoruyiatekha/autonomy_ws/src/install/locobot_move/share/locobot_move/package.bash'
[4.386s] INFO:colcon.colcon_core.shell:Creating package script '/home/omoruyiatekha/autonomy_ws/src/install/locobot_move/share/locobot_move/package.zsh'
[4.386s] Level 1:colcon.colcon_core.environment:create_file_with_runtime_dependencies(/home/omoruyiatekha/autonomy_ws/src/install/locobot_move/share/colcon-core/packages/locobot_move)
[4.387s] INFO:colcon.colcon_ros.task.ament_cmake.build:Building ROS package in '/home/omoruyiatekha/autonomy_ws/src/move_without_obstacle' with build type 'ament_cmake'
[4.388s] INFO:colcon.colcon_cmake.task.cmake.build:Building CMake package in '/home/omoruyiatekha/autonomy_ws/src/move_without_obstacle'
[4.441s] INFO:colcon.colcon_core.shell:Skip shell extension 'powershell' for command environment: Not usable outside of PowerShell
[4.442s] DEBUG:colcon.colcon_core.shell:Skip shell extension 'dsv' for command environment
[4.687s] DEBUG:colcon.colcon_core.event_handler.log_command:Invoked command in '/home/omoruyiatekha/autonomy_ws/src/build/move_arms' returned '1': /usr/bin/cmake /home/omoruyiatekha/autonomy_ws/src/move_arms -DCMAKE_INSTALL_PREFIX=/home/omoruyiatekha/autonomy_ws/src/install/move_arms
[4.699s] DEBUG:colcon.colcon_parallel_executor.executor.parallel:closing loop
[4.699s] DEBUG:colcon.colcon_parallel_executor.executor.parallel:loop closed
[4.699s] DEBUG:colcon.colcon_parallel_executor.executor.parallel:run_until_complete finished with '1'
[4.700s] DEBUG:colcon.colcon_core.event_reactor:joining thread
[4.753s] INFO:colcon.colcon_core.plugin_system:Skipping extension 'colcon_notification.desktop_notification.terminal_notifier': Not used on non-Darwin systems
[4.753s] INFO:colcon.colcon_core.plugin_system:Skipping extension 'colcon_notification.desktop_notification.win32': Not used on non-Windows systems
[4.753s] INFO:colcon.colcon_notification.desktop_notification:Sending desktop notification using 'notify2'
[4.767s] DEBUG:colcon.colcon_core.event_reactor:joined thread
[4.815s] INFO:colcon.colcon_core.shell:Creating prefix script '/home/omoruyiatekha/autonomy_ws/src/install/local_setup.ps1'
[4.816s] INFO:colcon.colcon_core.shell:Creating prefix util module '/home/omoruyiatekha/autonomy_ws/src/install/_local_setup_util_ps1.py'
[4.818s] INFO:colcon.colcon_core.shell:Creating prefix chain script '/home/omoruyiatekha/autonomy_ws/src/install/setup.ps1'
[4.865s] INFO:colcon.colcon_core.shell:Creating prefix script '/home/omoruyiatekha/autonomy_ws/src/install/local_setup.sh'
[4.866s] INFO:colcon.colcon_core.shell:Creating prefix util module '/home/omoruyiatekha/autonomy_ws/src/install/_local_setup_util_sh.py'
[4.866s] INFO:colcon.colcon_core.shell:Creating prefix chain script '/home/omoruyiatekha/autonomy_ws/src/install/setup.sh'
[4.925s] INFO:colcon.colcon_core.shell:Creating prefix script '/home/omoruyiatekha/autonomy_ws/src/install/local_setup.bash'
[4.926s] INFO:colcon.colcon_core.shell:Creating prefix chain script '/home/omoruyiatekha/autonomy_ws/src/install/setup.bash'
[4.973s] INFO:colcon.colcon_core.shell:Creating prefix script '/home/omoruyiatekha/autonomy_ws/src/install/local_setup.zsh'
[4.974s] INFO:colcon.colcon_core.shell:Creating prefix chain script '/home/omoruyiatekha/autonomy_ws/src/install/setup.zsh'
