[0.287s] Invoking command in '/home/omoruyiatekha/autonomy_ws/src/build/move_arms': /usr/bin/cmake /home/omoruyiatekha/autonomy_ws/src/move_arms -DCMAKE_INSTALL_PREFIX=/home/omoruyiatekha/autonomy_ws/src/install/move_arms
[0.302s] -- Found ament_cmake: 1.1.6 (/opt/ros/galactic/share/ament_cmake/cmake)
[0.323s] -- Using PYTHON_EXECUTABLE: /usr/bin/python3
[0.394s] -- Found rclcpp: 9.2.2 (/opt/ros/galactic/share/rclcpp/cmake)
[0.424s] -- Using all available rosidl_typesupport_c: rosidl_typesupport_fastrtps_c;rosidl_typesupport_introspection_c
[0.427s] -- Found rosidl_adapter: 2.2.3 (/opt/ros/galactic/share/rosidl_adapter/cmake)
[0.531s] -- Using all available rosidl_typesupport_cpp: rosidl_typesupport_fastrtps_cpp;rosidl_typesupport_introspection_cpp
[0.578s] -- Found rmw_implementation_cmake: 3.3.1 (/opt/ros/galactic/share/rmw_implementation_cmake/cmake)
[0.580s] -- Found rmw_fastrtps_cpp: 5.0.2 (/opt/ros/galactic/share/rmw_fastrtps_cpp/cmake)
[0.673s] -- Using RMW implementation 'rmw_fastrtps_cpp' as default
[0.800s] -- Found ament_lint_auto: 0.10.7 (/opt/ros/galactic/share/ament_lint_auto/cmake)
[0.843s] Error parsing '/home/omoruyiatekha/autonomy_ws/src/move_arms/package.xml':
[0.960s] Traceback (most recent call last):
[0.960s]   File "/opt/ros/galactic/share/ament_cmake_core/cmake/core/package_xml_2_cmake.py", line 151, in <module>
[0.960s]     main()
[0.960s]   File "/opt/ros/galactic/share/ament_cmake_core/cmake/core/package_xml_2_cmake.py", line 54, in main
[0.960s]     raise e
[0.960s]   File "/opt/ros/galactic/share/ament_cmake_core/cmake/core/package_xml_2_cmake.py", line 50, in main
[0.961s]     package = parse_package_string(
[0.961s]   File "/usr/local/lib/python3.8/dist-packages/catkin_pkg/package.py", line 786, in parse_package_string
[0.961s]     raise InvalidPackage('Error(s):%s' % (''.join(['\n- %s' % e for e in errors])), filename)
[0.961s] catkin_pkg.package.InvalidPackage: Error(s) in package '/home/omoruyiatekha/autonomy_ws/src/move_arms/package.xml':
[0.961s] Error(s):
[0.961s] - The generic dependency on 'nav_msgs' is redundant with: build_depend, build_export_depend, exec_depend
[0.977s] CMake Error at /opt/ros/galactic/share/ament_cmake_core/cmake/core/ament_package_xml.cmake:94 (message):
[0.977s]   execute_process(/usr/bin/python3
[0.977s]   /opt/ros/galactic/share/ament_cmake_core/cmake/core/package_xml_2_cmake.py
[0.977s]   /home/omoruyiatekha/autonomy_ws/src/move_arms/package.xml
[0.977s]   /home/omoruyiatekha/autonomy_ws/src/build/move_arms/ament_cmake_core/package.cmake)
[0.977s]   returned error code 1
[0.977s] Call Stack (most recent call first):
[0.977s]   /opt/ros/galactic/share/ament_cmake_core/cmake/core/ament_package_xml.cmake:49 (_ament_package_xml)
[0.977s]   /opt/ros/galactic/share/ament_lint_auto/cmake/ament_lint_auto_find_test_dependencies.cmake:31 (ament_package_xml)
[0.978s]   CMakeLists.txt:24 (ament_lint_auto_find_test_dependencies)
[0.978s] 
[0.978s] 
[0.979s] -- Configuring incomplete, errors occurred!
[0.979s] See also "/home/omoruyiatekha/autonomy_ws/src/build/move_arms/CMakeFiles/CMakeOutput.log".
[0.979s] See also "/home/omoruyiatekha/autonomy_ws/src/build/move_arms/CMakeFiles/CMakeError.log".
[1.047s] Invoked command in '/home/omoruyiatekha/autonomy_ws/src/build/move_arms' returned '1': /usr/bin/cmake /home/omoruyiatekha/autonomy_ws/src/move_arms -DCMAKE_INSTALL_PREFIX=/home/omoruyiatekha/autonomy_ws/src/install/move_arms
